<!DOCTYPE html PUBLIC "-//W3C//DTD XHTML 1.1//EN" "http://www.w3.org/TR/xhtml11/DTD/xhtml11.dtd">
<html xmlns="http://www.w3.org/1999/xhtml">
<head>
<meta http-equiv="content-type" content="text/html; charset=UTF-8"/>
<title>TestNG Report</title>
<style type="text/css">table {margin-bottom:10px;border-collapse:collapse;empty-cells:show}th,td {border:1px solid #009;padding:.25em .5em}th {vertical-align:bottom}td {vertical-align:top}table a {font-weight:bold}.stripe td {background-color: #E6EBF9}.num {text-align:right}.passedodd td {background-color: #3F3}.passedeven td {background-color: #0A0}.skippedodd td {background-color: #DDD}.skippedeven td {background-color: #CCC}.failedodd td,.attn {background-color: #F33}.failedeven td,.stripe .attn {background-color: #D00}.stacktrace {white-space:pre;font-family:monospace}.totop {font-size:85%;text-align:center;border-bottom:2px solid #000}.invisible {display:none}</style>
</head>
<body>
<table>
<tr><th>Test</th><th># Passed</th><th># Skipped</th><th># Failed</th><th>Time (ms)</th><th>Included Groups</th><th>Excluded Groups</th></tr>
<tr><th colspan="7">Suite</th></tr>
<tr><td><a href="#t0">Test</a></td><td class="num">0</td><td class="num attn">8</td><td class="num">0</td><td class="num">8,383</td><td></td><td></td></tr>
</table>
<table id='summary'><thead><tr><th>Class</th><th>Method</th><th>Start</th><th>Time (ms)</th></tr></thead><tbody><tr><th colspan="4">Suite</th></tr></tbody><tbody id="t0"><tr><th colspan="4">Test &#8212; failed (configuration methods)</th></tr><tr class="failedeven"><td rowspan="1">TestCases.HotelSearchTest</td><td><a href="#m0">Setup</a></td><td rowspan="1">1571991601560</td><td rowspan="1">1444</td></tr><tr class="failedodd"><td rowspan="1">TestCases.MultipleSearchTest</td><td><a href="#m1">Setup</a></td><td rowspan="1">1571991595112</td><td rowspan="1">4330</td></tr><tr class="failedeven"><td rowspan="1">TestCases.SearchPageTest</td><td><a href="#m2">Setup</a></td><td rowspan="1">1571991599892</td><td rowspan="1">1649</td></tr><tr><th colspan="4">Test &#8212; skipped (configuration methods)</th></tr><tr class="skippedeven"><td rowspan="3">TestCases.HotelSearchTest</td><td><a href="#m3">Setup</a></td><td rowspan="1">1571991603064</td><td rowspan="1">0</td></tr><tr class="skippedeven"><td><a href="#m4">TearDown</a></td><td rowspan="2">1571991603078</td><td rowspan="2">0</td></tr><tr class="skippedeven"><td><a href="#m5">TearDown</a></td></tr><tr class="skippedodd"><td rowspan="5">TestCases.MultipleSearchTest</td><td><a href="#m6">Setup</a></td><td rowspan="2">1571991599876</td><td rowspan="2">0</td></tr><tr class="skippedodd"><td><a href="#m7">Setup</a></td></tr><tr class="skippedodd"><td><a href="#m8">TearDown</a></td><td rowspan="3">1571991599875</td><td rowspan="3">0</td></tr><tr class="skippedodd"><td><a href="#m9">TearDown</a></td></tr><tr class="skippedodd"><td><a href="#m10">TearDown</a></td></tr><tr class="skippedeven"><td rowspan="5">TestCases.SearchPageTest</td><td><a href="#m11">Setup</a></td><td rowspan="2">1571991603078</td><td rowspan="2">0</td></tr><tr class="skippedeven"><td><a href="#m12">Setup</a></td></tr><tr class="skippedeven"><td><a href="#m13">TearDown</a></td><td rowspan="3">1571991603064</td><td rowspan="3">0</td></tr><tr class="skippedeven"><td><a href="#m14">TearDown</a></td></tr><tr class="skippedeven"><td><a href="#m15">TearDown</a></td></tr><tr><th colspan="4">Test &#8212; skipped</th></tr><tr class="skippedeven"><td rowspan="2">TestCases.HotelSearchTest</td><td><a href="#m16">HotelSearchPageTitleTest</a></td><td rowspan="1">1571991603016</td><td rowspan="1">0</td></tr><tr class="skippedeven"><td><a href="#m17">HotelSearchcheck</a></td><td rowspan="1">1571991603064</td><td rowspan="1">0</td></tr><tr class="skippedodd"><td rowspan="3">TestCases.MultipleSearchTest</td><td><a href="#m18">MultipleSearch</a></td><td rowspan="3">1571991599805</td><td rowspan="3">0</td></tr><tr class="skippedodd"><td><a href="#m19">MultipleSearch</a></td></tr><tr class="skippedodd"><td><a href="#m20">MultipleSearch</a></td></tr><tr class="skippedeven"><td rowspan="3">TestCases.SearchPageTest</td><td><a href="#m21">FlightSearchLogTest</a></td><td rowspan="1">1571991603023</td><td rowspan="1">0</td></tr><tr class="skippedeven"><td><a href="#m22">OnewaySearchTest</a></td><td rowspan="1">1571991603079</td><td rowspan="1">0</td></tr><tr class="skippedeven"><td><a href="#m23">SearchPageTitleTest</a></td><td rowspan="1">1571991601552</td><td rowspan="1">0</td></tr></tbody>
</table>
<h2>Test</h2><h3 id="m0">TestCases.HotelSearchTest#Setup</h3><table class="result"><tr><th>Exception</th></tr><tr><td><div class="stacktrace">org.openqa.selenium.SessionNotCreatedException: session not created: This version of ChromeDriver only supports Chrome version 76
Build info: version: &apos;3.14.0&apos;, revision: &apos;aacccce0&apos;, time: &apos;2018-08-02T20:19:58.91Z&apos;
System info: host: &apos;DESKTOP-6NI868R&apos;, ip: &apos;192.168.8.103&apos;, os.name: &apos;Windows 10&apos;, os.arch: &apos;amd64&apos;, os.version: &apos;10.0&apos;, java.version: &apos;11.0.4&apos;
Driver info: driver.version: ChromeDriver
remote stacktrace: Backtrace:
	Ordinal0 [0x00597C93+1473683]
	Ordinal0 [0x0051ADB1+961969]
	Ordinal0 [0x004A42E3+475875]
	Ordinal0 [0x0043F365+62309]
	Ordinal0 [0x0043BC77+48247]
	Ordinal0 [0x00459149+168265]
	Ordinal0 [0x00458D1D+167197]
	Ordinal0 [0x0045742B+160811]
	Ordinal0 [0x00440AE6+68326]
	Ordinal0 [0x00441BF0+72688]
	Ordinal0 [0x00441B89+72585]
	Ordinal0 [0x00534B77+1067895]
	GetHandleVerifier [0x00636875+506677]
	GetHandleVerifier [0x00636610+506064]
	GetHandleVerifier [0x0063D1B8+533624]
	GetHandleVerifier [0x0063704A+508682]
	Ordinal0 [0x0052C266+1032806]
	Ordinal0 [0x0052C0DF+1032415]
	Ordinal0 [0x00536A8B+1075851]
	Ordinal0 [0x00536BF3+1076211]
	Ordinal0 [0x00535BA5+1072037]
	BaseThreadInitThunk [0x76C56359+25]
	RtlGetAppContainerNamedObjectPath [0x77EC7B74+228]
	RtlGetAppContainerNamedObjectPath [0x77EC7B44+180]

	at org.openqa.selenium.remote.W3CHandshakeResponse.lambda$new$0(W3CHandshakeResponse.java:57)
	at org.openqa.selenium.remote.W3CHandshakeResponse.lambda$getResponseFunction$2(W3CHandshakeResponse.java:104)
	at org.openqa.selenium.remote.ProtocolHandshake.lambda$createSession$0(ProtocolHandshake.java:122)
	at java.base/java.util.stream.ReferencePipeline$3$1.accept(ReferencePipeline.java:195)
	at java.base/java.util.Spliterators$ArraySpliterator.tryAdvance(Spliterators.java:958)
	at java.base/java.util.stream.ReferencePipeline.forEachWithCancel(ReferencePipeline.java:127)
	at java.base/java.util.stream.AbstractPipeline.copyIntoWithCancel(AbstractPipeline.java:502)
	at java.base/java.util.stream.AbstractPipeline.copyInto(AbstractPipeline.java:488)
	at java.base/java.util.stream.AbstractPipeline.wrapAndCopyInto(AbstractPipeline.java:474)
	at java.base/java.util.stream.FindOps$FindOp.evaluateSequential(FindOps.java:150)
	at java.base/java.util.stream.AbstractPipeline.evaluate(AbstractPipeline.java:234)
	at java.base/java.util.stream.ReferencePipeline.findFirst(ReferencePipeline.java:543)
	at org.openqa.selenium.remote.ProtocolHandshake.createSession(ProtocolHandshake.java:125)
	at org.openqa.selenium.remote.ProtocolHandshake.createSession(ProtocolHandshake.java:73)
	at org.openqa.selenium.remote.HttpCommandExecutor.execute(HttpCommandExecutor.java:136)
	at org.openqa.selenium.remote.service.DriverCommandExecutor.execute(DriverCommandExecutor.java:83)
	at org.openqa.selenium.remote.RemoteWebDriver.execute(RemoteWebDriver.java:548)
	at org.openqa.selenium.remote.RemoteWebDriver.startSession(RemoteWebDriver.java:212)
	at org.openqa.selenium.remote.RemoteWebDriver.&lt;init&gt;(RemoteWebDriver.java:130)
	at org.openqa.selenium.chrome.ChromeDriver.&lt;init&gt;(ChromeDriver.java:181)
	at org.openqa.selenium.chrome.ChromeDriver.&lt;init&gt;(ChromeDriver.java:168)
	at org.openqa.selenium.chrome.ChromeDriver.&lt;init&gt;(ChromeDriver.java:123)
	at Base.BaseClass.initialization(BaseClass.java:30)
	at TestCases.HotelSearchTest.Setup(HotelSearchTest.java:26)
... Removed 35 stack frames</div></td></tr></table><p class="totop"><a href="#summary">back to summary</a></p>
<h3 id="m1">TestCases.MultipleSearchTest#Setup</h3><table class="result"><tr><th>Exception</th></tr><tr><td><div class="stacktrace">org.openqa.selenium.SessionNotCreatedException: session not created: This version of ChromeDriver only supports Chrome version 76
Build info: version: &apos;3.14.0&apos;, revision: &apos;aacccce0&apos;, time: &apos;2018-08-02T20:19:58.91Z&apos;
System info: host: &apos;DESKTOP-6NI868R&apos;, ip: &apos;192.168.8.103&apos;, os.name: &apos;Windows 10&apos;, os.arch: &apos;amd64&apos;, os.version: &apos;10.0&apos;, java.version: &apos;11.0.4&apos;
Driver info: driver.version: ChromeDriver
remote stacktrace: Backtrace:
	Ordinal0 [0x00597C93+1473683]
	Ordinal0 [0x0051ADB1+961969]
	Ordinal0 [0x004A42E3+475875]
	Ordinal0 [0x0043F365+62309]
	Ordinal0 [0x0043BC77+48247]
	Ordinal0 [0x00459149+168265]
	Ordinal0 [0x00458D1D+167197]
	Ordinal0 [0x0045742B+160811]
	Ordinal0 [0x00440AE6+68326]
	Ordinal0 [0x00441BF0+72688]
	Ordinal0 [0x00441B89+72585]
	Ordinal0 [0x00534B77+1067895]
	GetHandleVerifier [0x00636875+506677]
	GetHandleVerifier [0x00636610+506064]
	GetHandleVerifier [0x0063D1B8+533624]
	GetHandleVerifier [0x0063704A+508682]
	Ordinal0 [0x0052C266+1032806]
	Ordinal0 [0x0052C0DF+1032415]
	Ordinal0 [0x00536A8B+1075851]
	Ordinal0 [0x00536BF3+1076211]
	Ordinal0 [0x00535BA5+1072037]
	BaseThreadInitThunk [0x76C56359+25]
	RtlGetAppContainerNamedObjectPath [0x77EC7B74+228]
	RtlGetAppContainerNamedObjectPath [0x77EC7B44+180]

	at org.openqa.selenium.remote.W3CHandshakeResponse.lambda$new$0(W3CHandshakeResponse.java:57)
	at org.openqa.selenium.remote.W3CHandshakeResponse.lambda$getResponseFunction$2(W3CHandshakeResponse.java:104)
	at org.openqa.selenium.remote.ProtocolHandshake.lambda$createSession$0(ProtocolHandshake.java:122)
	at java.base/java.util.stream.ReferencePipeline$3$1.accept(ReferencePipeline.java:195)
	at java.base/java.util.Spliterators$ArraySpliterator.tryAdvance(Spliterators.java:958)
	at java.base/java.util.stream.ReferencePipeline.forEachWithCancel(ReferencePipeline.java:127)
	at java.base/java.util.stream.AbstractPipeline.copyIntoWithCancel(AbstractPipeline.java:502)
	at java.base/java.util.stream.AbstractPipeline.copyInto(AbstractPipeline.java:488)
	at java.base/java.util.stream.AbstractPipeline.wrapAndCopyInto(AbstractPipeline.java:474)
	at java.base/java.util.stream.FindOps$FindOp.evaluateSequential(FindOps.java:150)
	at java.base/java.util.stream.AbstractPipeline.evaluate(AbstractPipeline.java:234)
	at java.base/java.util.stream.ReferencePipeline.findFirst(ReferencePipeline.java:543)
	at org.openqa.selenium.remote.ProtocolHandshake.createSession(ProtocolHandshake.java:125)
	at org.openqa.selenium.remote.ProtocolHandshake.createSession(ProtocolHandshake.java:73)
	at org.openqa.selenium.remote.HttpCommandExecutor.execute(HttpCommandExecutor.java:136)
	at org.openqa.selenium.remote.service.DriverCommandExecutor.execute(DriverCommandExecutor.java:83)
	at org.openqa.selenium.remote.RemoteWebDriver.execute(RemoteWebDriver.java:548)
	at org.openqa.selenium.remote.RemoteWebDriver.startSession(RemoteWebDriver.java:212)
	at org.openqa.selenium.remote.RemoteWebDriver.&lt;init&gt;(RemoteWebDriver.java:130)
	at org.openqa.selenium.chrome.ChromeDriver.&lt;init&gt;(ChromeDriver.java:181)
	at org.openqa.selenium.chrome.ChromeDriver.&lt;init&gt;(ChromeDriver.java:168)
	at org.openqa.selenium.chrome.ChromeDriver.&lt;init&gt;(ChromeDriver.java:123)
	at Base.BaseClass.initialization(BaseClass.java:30)
	at TestCases.MultipleSearchTest.Setup(MultipleSearchTest.java:31)
... Removed 35 stack frames</div></td></tr></table><p class="totop"><a href="#summary">back to summary</a></p>
<h3 id="m2">TestCases.SearchPageTest#Setup</h3><table class="result"><tr><th>Exception</th></tr><tr><td><div class="stacktrace">org.openqa.selenium.SessionNotCreatedException: session not created: This version of ChromeDriver only supports Chrome version 76
Build info: version: &apos;3.14.0&apos;, revision: &apos;aacccce0&apos;, time: &apos;2018-08-02T20:19:58.91Z&apos;
System info: host: &apos;DESKTOP-6NI868R&apos;, ip: &apos;192.168.8.103&apos;, os.name: &apos;Windows 10&apos;, os.arch: &apos;amd64&apos;, os.version: &apos;10.0&apos;, java.version: &apos;11.0.4&apos;
Driver info: driver.version: ChromeDriver
remote stacktrace: Backtrace:
	Ordinal0 [0x00597C93+1473683]
	Ordinal0 [0x0051ADB1+961969]
	Ordinal0 [0x004A42E3+475875]
	Ordinal0 [0x0043F365+62309]
	Ordinal0 [0x0043BC77+48247]
	Ordinal0 [0x00459149+168265]
	Ordinal0 [0x00458D1D+167197]
	Ordinal0 [0x0045742B+160811]
	Ordinal0 [0x00440AE6+68326]
	Ordinal0 [0x00441BF0+72688]
	Ordinal0 [0x00441B89+72585]
	Ordinal0 [0x00534B77+1067895]
	GetHandleVerifier [0x00636875+506677]
	GetHandleVerifier [0x00636610+506064]
	GetHandleVerifier [0x0063D1B8+533624]
	GetHandleVerifier [0x0063704A+508682]
	Ordinal0 [0x0052C266+1032806]
	Ordinal0 [0x0052C0DF+1032415]
	Ordinal0 [0x00536A8B+1075851]
	Ordinal0 [0x00536BF3+1076211]
	Ordinal0 [0x00535BA5+1072037]
	BaseThreadInitThunk [0x76C56359+25]
	RtlGetAppContainerNamedObjectPath [0x77EC7B74+228]
	RtlGetAppContainerNamedObjectPath [0x77EC7B44+180]

	at org.openqa.selenium.remote.W3CHandshakeResponse.lambda$new$0(W3CHandshakeResponse.java:57)
	at org.openqa.selenium.remote.W3CHandshakeResponse.lambda$getResponseFunction$2(W3CHandshakeResponse.java:104)
	at org.openqa.selenium.remote.ProtocolHandshake.lambda$createSession$0(ProtocolHandshake.java:122)
	at java.base/java.util.stream.ReferencePipeline$3$1.accept(ReferencePipeline.java:195)
	at java.base/java.util.Spliterators$ArraySpliterator.tryAdvance(Spliterators.java:958)
	at java.base/java.util.stream.ReferencePipeline.forEachWithCancel(ReferencePipeline.java:127)
	at java.base/java.util.stream.AbstractPipeline.copyIntoWithCancel(AbstractPipeline.java:502)
	at java.base/java.util.stream.AbstractPipeline.copyInto(AbstractPipeline.java:488)
	at java.base/java.util.stream.AbstractPipeline.wrapAndCopyInto(AbstractPipeline.java:474)
	at java.base/java.util.stream.FindOps$FindOp.evaluateSequential(FindOps.java:150)
	at java.base/java.util.stream.AbstractPipeline.evaluate(AbstractPipeline.java:234)
	at java.base/java.util.stream.ReferencePipeline.findFirst(ReferencePipeline.java:543)
	at org.openqa.selenium.remote.ProtocolHandshake.createSession(ProtocolHandshake.java:125)
	at org.openqa.selenium.remote.ProtocolHandshake.createSession(ProtocolHandshake.java:73)
	at org.openqa.selenium.remote.HttpCommandExecutor.execute(HttpCommandExecutor.java:136)
	at org.openqa.selenium.remote.service.DriverCommandExecutor.execute(DriverCommandExecutor.java:83)
	at org.openqa.selenium.remote.RemoteWebDriver.execute(RemoteWebDriver.java:548)
	at org.openqa.selenium.remote.RemoteWebDriver.startSession(RemoteWebDriver.java:212)
	at org.openqa.selenium.remote.RemoteWebDriver.&lt;init&gt;(RemoteWebDriver.java:130)
	at org.openqa.selenium.chrome.ChromeDriver.&lt;init&gt;(ChromeDriver.java:181)
	at org.openqa.selenium.chrome.ChromeDriver.&lt;init&gt;(ChromeDriver.java:168)
	at org.openqa.selenium.chrome.ChromeDriver.&lt;init&gt;(ChromeDriver.java:123)
	at Base.BaseClass.initialization(BaseClass.java:30)
	at TestCases.SearchPageTest.Setup(SearchPageTest.java:28)
... Removed 35 stack frames</div></td></tr></table><p class="totop"><a href="#summary">back to summary</a></p>
<h3 id="m3">TestCases.HotelSearchTest#Setup</h3><table class="result"><tr><th class="invisible"/></tr></table><p class="totop"><a href="#summary">back to summary</a></p>
<h3 id="m4">TestCases.HotelSearchTest#TearDown</h3><table class="result"><tr><th class="invisible"/></tr></table><p class="totop"><a href="#summary">back to summary</a></p>
<h3 id="m5">TestCases.HotelSearchTest#TearDown</h3><table class="result"><tr><th class="invisible"/></tr></table><p class="totop"><a href="#summary">back to summary</a></p>
<h3 id="m6">TestCases.MultipleSearchTest#Setup</h3><table class="result"><tr><th class="invisible"/></tr></table><p class="totop"><a href="#summary">back to summary</a></p>
<h3 id="m7">TestCases.MultipleSearchTest#Setup</h3><table class="result"><tr><th class="invisible"/></tr></table><p class="totop"><a href="#summary">back to summary</a></p>
<h3 id="m8">TestCases.MultipleSearchTest#TearDown</h3><table class="result"><tr><th class="invisible"/></tr></table><p class="totop"><a href="#summary">back to summary</a></p>
<h3 id="m9">TestCases.MultipleSearchTest#TearDown</h3><table class="result"><tr><th class="invisible"/></tr></table><p class="totop"><a href="#summary">back to summary</a></p>
<h3 id="m10">TestCases.MultipleSearchTest#TearDown</h3><table class="result"><tr><th class="invisible"/></tr></table><p class="totop"><a href="#summary">back to summary</a></p>
<h3 id="m11">TestCases.SearchPageTest#Setup</h3><table class="result"><tr><th class="invisible"/></tr></table><p class="totop"><a href="#summary">back to summary</a></p>
<h3 id="m12">TestCases.SearchPageTest#Setup</h3><table class="result"><tr><th class="invisible"/></tr></table><p class="totop"><a href="#summary">back to summary</a></p>
<h3 id="m13">TestCases.SearchPageTest#TearDown</h3><table class="result"><tr><th class="invisible"/></tr></table><p class="totop"><a href="#summary">back to summary</a></p>
<h3 id="m14">TestCases.SearchPageTest#TearDown</h3><table class="result"><tr><th class="invisible"/></tr></table><p class="totop"><a href="#summary">back to summary</a></p>
<h3 id="m15">TestCases.SearchPageTest#TearDown</h3><table class="result"><tr><th class="invisible"/></tr></table><p class="totop"><a href="#summary">back to summary</a></p>
<h3 id="m16">TestCases.HotelSearchTest#HotelSearchPageTitleTest</h3><table class="result"><tr><th>Exception</th></tr><tr><td><div class="stacktrace">org.openqa.selenium.SessionNotCreatedException: session not created: This version of ChromeDriver only supports Chrome version 76
Build info: version: &apos;3.14.0&apos;, revision: &apos;aacccce0&apos;, time: &apos;2018-08-02T20:19:58.91Z&apos;
System info: host: &apos;DESKTOP-6NI868R&apos;, ip: &apos;192.168.8.103&apos;, os.name: &apos;Windows 10&apos;, os.arch: &apos;amd64&apos;, os.version: &apos;10.0&apos;, java.version: &apos;11.0.4&apos;
Driver info: driver.version: ChromeDriver
remote stacktrace: Backtrace:
	Ordinal0 [0x00597C93+1473683]
	Ordinal0 [0x0051ADB1+961969]
	Ordinal0 [0x004A42E3+475875]
	Ordinal0 [0x0043F365+62309]
	Ordinal0 [0x0043BC77+48247]
	Ordinal0 [0x00459149+168265]
	Ordinal0 [0x00458D1D+167197]
	Ordinal0 [0x0045742B+160811]
	Ordinal0 [0x00440AE6+68326]
	Ordinal0 [0x00441BF0+72688]
	Ordinal0 [0x00441B89+72585]
	Ordinal0 [0x00534B77+1067895]
	GetHandleVerifier [0x00636875+506677]
	GetHandleVerifier [0x00636610+506064]
	GetHandleVerifier [0x0063D1B8+533624]
	GetHandleVerifier [0x0063704A+508682]
	Ordinal0 [0x0052C266+1032806]
	Ordinal0 [0x0052C0DF+1032415]
	Ordinal0 [0x00536A8B+1075851]
	Ordinal0 [0x00536BF3+1076211]
	Ordinal0 [0x00535BA5+1072037]
	BaseThreadInitThunk [0x76C56359+25]
	RtlGetAppContainerNamedObjectPath [0x77EC7B74+228]
	RtlGetAppContainerNamedObjectPath [0x77EC7B44+180]

	at org.openqa.selenium.remote.W3CHandshakeResponse.lambda$new$0(W3CHandshakeResponse.java:57)
	at org.openqa.selenium.remote.W3CHandshakeResponse.lambda$getResponseFunction$2(W3CHandshakeResponse.java:104)
	at org.openqa.selenium.remote.ProtocolHandshake.lambda$createSession$0(ProtocolHandshake.java:122)
	at java.base/java.util.stream.ReferencePipeline$3$1.accept(ReferencePipeline.java:195)
	at java.base/java.util.Spliterators$ArraySpliterator.tryAdvance(Spliterators.java:958)
	at java.base/java.util.stream.ReferencePipeline.forEachWithCancel(ReferencePipeline.java:127)
	at java.base/java.util.stream.AbstractPipeline.copyIntoWithCancel(AbstractPipeline.java:502)
	at java.base/java.util.stream.AbstractPipeline.copyInto(AbstractPipeline.java:488)
	at java.base/java.util.stream.AbstractPipeline.wrapAndCopyInto(AbstractPipeline.java:474)
	at java.base/java.util.stream.FindOps$FindOp.evaluateSequential(FindOps.java:150)
	at java.base/java.util.stream.AbstractPipeline.evaluate(AbstractPipeline.java:234)
	at java.base/java.util.stream.ReferencePipeline.findFirst(ReferencePipeline.java:543)
	at org.openqa.selenium.remote.ProtocolHandshake.createSession(ProtocolHandshake.java:125)
	at org.openqa.selenium.remote.ProtocolHandshake.createSession(ProtocolHandshake.java:73)
	at org.openqa.selenium.remote.HttpCommandExecutor.execute(HttpCommandExecutor.java:136)
	at org.openqa.selenium.remote.service.DriverCommandExecutor.execute(DriverCommandExecutor.java:83)
	at org.openqa.selenium.remote.RemoteWebDriver.execute(RemoteWebDriver.java:548)
	at org.openqa.selenium.remote.RemoteWebDriver.startSession(RemoteWebDriver.java:212)
	at org.openqa.selenium.remote.RemoteWebDriver.&lt;init&gt;(RemoteWebDriver.java:130)
	at org.openqa.selenium.chrome.ChromeDriver.&lt;init&gt;(ChromeDriver.java:181)
	at org.openqa.selenium.chrome.ChromeDriver.&lt;init&gt;(ChromeDriver.java:168)
	at org.openqa.selenium.chrome.ChromeDriver.&lt;init&gt;(ChromeDriver.java:123)
	at Base.BaseClass.initialization(BaseClass.java:30)
	at TestCases.HotelSearchTest.Setup(HotelSearchTest.java:26)
... Removed 35 stack frames</div></td></tr></table><p class="totop"><a href="#summary">back to summary</a></p>
<h3 id="m17">TestCases.HotelSearchTest#HotelSearchcheck</h3><table class="result"><tr><th>Exception</th></tr><tr><td><div class="stacktrace">org.openqa.selenium.SessionNotCreatedException: session not created: This version of ChromeDriver only supports Chrome version 76
Build info: version: &apos;3.14.0&apos;, revision: &apos;aacccce0&apos;, time: &apos;2018-08-02T20:19:58.91Z&apos;
System info: host: &apos;DESKTOP-6NI868R&apos;, ip: &apos;192.168.8.103&apos;, os.name: &apos;Windows 10&apos;, os.arch: &apos;amd64&apos;, os.version: &apos;10.0&apos;, java.version: &apos;11.0.4&apos;
Driver info: driver.version: ChromeDriver
remote stacktrace: Backtrace:
	Ordinal0 [0x00597C93+1473683]
	Ordinal0 [0x0051ADB1+961969]
	Ordinal0 [0x004A42E3+475875]
	Ordinal0 [0x0043F365+62309]
	Ordinal0 [0x0043BC77+48247]
	Ordinal0 [0x00459149+168265]
	Ordinal0 [0x00458D1D+167197]
	Ordinal0 [0x0045742B+160811]
	Ordinal0 [0x00440AE6+68326]
	Ordinal0 [0x00441BF0+72688]
	Ordinal0 [0x00441B89+72585]
	Ordinal0 [0x00534B77+1067895]
	GetHandleVerifier [0x00636875+506677]
	GetHandleVerifier [0x00636610+506064]
	GetHandleVerifier [0x0063D1B8+533624]
	GetHandleVerifier [0x0063704A+508682]
	Ordinal0 [0x0052C266+1032806]
	Ordinal0 [0x0052C0DF+1032415]
	Ordinal0 [0x00536A8B+1075851]
	Ordinal0 [0x00536BF3+1076211]
	Ordinal0 [0x00535BA5+1072037]
	BaseThreadInitThunk [0x76C56359+25]
	RtlGetAppContainerNamedObjectPath [0x77EC7B74+228]
	RtlGetAppContainerNamedObjectPath [0x77EC7B44+180]

	at org.openqa.selenium.remote.W3CHandshakeResponse.lambda$new$0(W3CHandshakeResponse.java:57)
	at org.openqa.selenium.remote.W3CHandshakeResponse.lambda$getResponseFunction$2(W3CHandshakeResponse.java:104)
	at org.openqa.selenium.remote.ProtocolHandshake.lambda$createSession$0(ProtocolHandshake.java:122)
	at java.base/java.util.stream.ReferencePipeline$3$1.accept(ReferencePipeline.java:195)
	at java.base/java.util.Spliterators$ArraySpliterator.tryAdvance(Spliterators.java:958)
	at java.base/java.util.stream.ReferencePipeline.forEachWithCancel(ReferencePipeline.java:127)
	at java.base/java.util.stream.AbstractPipeline.copyIntoWithCancel(AbstractPipeline.java:502)
	at java.base/java.util.stream.AbstractPipeline.copyInto(AbstractPipeline.java:488)
	at java.base/java.util.stream.AbstractPipeline.wrapAndCopyInto(AbstractPipeline.java:474)
	at java.base/java.util.stream.FindOps$FindOp.evaluateSequential(FindOps.java:150)
	at java.base/java.util.stream.AbstractPipeline.evaluate(AbstractPipeline.java:234)
	at java.base/java.util.stream.ReferencePipeline.findFirst(ReferencePipeline.java:543)
	at org.openqa.selenium.remote.ProtocolHandshake.createSession(ProtocolHandshake.java:125)
	at org.openqa.selenium.remote.ProtocolHandshake.createSession(ProtocolHandshake.java:73)
	at org.openqa.selenium.remote.HttpCommandExecutor.execute(HttpCommandExecutor.java:136)
	at org.openqa.selenium.remote.service.DriverCommandExecutor.execute(DriverCommandExecutor.java:83)
	at org.openqa.selenium.remote.RemoteWebDriver.execute(RemoteWebDriver.java:548)
	at org.openqa.selenium.remote.RemoteWebDriver.startSession(RemoteWebDriver.java:212)
	at org.openqa.selenium.remote.RemoteWebDriver.&lt;init&gt;(RemoteWebDriver.java:130)
	at org.openqa.selenium.chrome.ChromeDriver.&lt;init&gt;(ChromeDriver.java:181)
	at org.openqa.selenium.chrome.ChromeDriver.&lt;init&gt;(ChromeDriver.java:168)
	at org.openqa.selenium.chrome.ChromeDriver.&lt;init&gt;(ChromeDriver.java:123)
	at Base.BaseClass.initialization(BaseClass.java:30)
	at TestCases.HotelSearchTest.Setup(HotelSearchTest.java:26)
... Removed 35 stack frames</div></td></tr></table><p class="totop"><a href="#summary">back to summary</a></p>
<h3 id="m18">TestCases.MultipleSearchTest#MultipleSearch</h3><table class="result"><tr><th>Exception</th></tr><tr><td><div class="stacktrace">org.openqa.selenium.SessionNotCreatedException: session not created: This version of ChromeDriver only supports Chrome version 76
Build info: version: &apos;3.14.0&apos;, revision: &apos;aacccce0&apos;, time: &apos;2018-08-02T20:19:58.91Z&apos;
System info: host: &apos;DESKTOP-6NI868R&apos;, ip: &apos;192.168.8.103&apos;, os.name: &apos;Windows 10&apos;, os.arch: &apos;amd64&apos;, os.version: &apos;10.0&apos;, java.version: &apos;11.0.4&apos;
Driver info: driver.version: ChromeDriver
remote stacktrace: Backtrace:
	Ordinal0 [0x00597C93+1473683]
	Ordinal0 [0x0051ADB1+961969]
	Ordinal0 [0x004A42E3+475875]
	Ordinal0 [0x0043F365+62309]
	Ordinal0 [0x0043BC77+48247]
	Ordinal0 [0x00459149+168265]
	Ordinal0 [0x00458D1D+167197]
	Ordinal0 [0x0045742B+160811]
	Ordinal0 [0x00440AE6+68326]
	Ordinal0 [0x00441BF0+72688]
	Ordinal0 [0x00441B89+72585]
	Ordinal0 [0x00534B77+1067895]
	GetHandleVerifier [0x00636875+506677]
	GetHandleVerifier [0x00636610+506064]
	GetHandleVerifier [0x0063D1B8+533624]
	GetHandleVerifier [0x0063704A+508682]
	Ordinal0 [0x0052C266+1032806]
	Ordinal0 [0x0052C0DF+1032415]
	Ordinal0 [0x00536A8B+1075851]
	Ordinal0 [0x00536BF3+1076211]
	Ordinal0 [0x00535BA5+1072037]
	BaseThreadInitThunk [0x76C56359+25]
	RtlGetAppContainerNamedObjectPath [0x77EC7B74+228]
	RtlGetAppContainerNamedObjectPath [0x77EC7B44+180]

	at org.openqa.selenium.remote.W3CHandshakeResponse.lambda$new$0(W3CHandshakeResponse.java:57)
	at org.openqa.selenium.remote.W3CHandshakeResponse.lambda$getResponseFunction$2(W3CHandshakeResponse.java:104)
	at org.openqa.selenium.remote.ProtocolHandshake.lambda$createSession$0(ProtocolHandshake.java:122)
	at java.base/java.util.stream.ReferencePipeline$3$1.accept(ReferencePipeline.java:195)
	at java.base/java.util.Spliterators$ArraySpliterator.tryAdvance(Spliterators.java:958)
	at java.base/java.util.stream.ReferencePipeline.forEachWithCancel(ReferencePipeline.java:127)
	at java.base/java.util.stream.AbstractPipeline.copyIntoWithCancel(AbstractPipeline.java:502)
	at java.base/java.util.stream.AbstractPipeline.copyInto(AbstractPipeline.java:488)
	at java.base/java.util.stream.AbstractPipeline.wrapAndCopyInto(AbstractPipeline.java:474)
	at java.base/java.util.stream.FindOps$FindOp.evaluateSequential(FindOps.java:150)
	at java.base/java.util.stream.AbstractPipeline.evaluate(AbstractPipeline.java:234)
	at java.base/java.util.stream.ReferencePipeline.findFirst(ReferencePipeline.java:543)
	at org.openqa.selenium.remote.ProtocolHandshake.createSession(ProtocolHandshake.java:125)
	at org.openqa.selenium.remote.ProtocolHandshake.createSession(ProtocolHandshake.java:73)
	at org.openqa.selenium.remote.HttpCommandExecutor.execute(HttpCommandExecutor.java:136)
	at org.openqa.selenium.remote.service.DriverCommandExecutor.execute(DriverCommandExecutor.java:83)
	at org.openqa.selenium.remote.RemoteWebDriver.execute(RemoteWebDriver.java:548)
	at org.openqa.selenium.remote.RemoteWebDriver.startSession(RemoteWebDriver.java:212)
	at org.openqa.selenium.remote.RemoteWebDriver.&lt;init&gt;(RemoteWebDriver.java:130)
	at org.openqa.selenium.chrome.ChromeDriver.&lt;init&gt;(ChromeDriver.java:181)
	at org.openqa.selenium.chrome.ChromeDriver.&lt;init&gt;(ChromeDriver.java:168)
	at org.openqa.selenium.chrome.ChromeDriver.&lt;init&gt;(ChromeDriver.java:123)
	at Base.BaseClass.initialization(BaseClass.java:30)
	at TestCases.MultipleSearchTest.Setup(MultipleSearchTest.java:31)
... Removed 35 stack frames</div></td></tr></table><p class="totop"><a href="#summary">back to summary</a></p>
<h3 id="m19">TestCases.MultipleSearchTest#MultipleSearch</h3><table class="result"><tr><th>Exception</th></tr><tr><td><div class="stacktrace">org.openqa.selenium.SessionNotCreatedException: session not created: This version of ChromeDriver only supports Chrome version 76
Build info: version: &apos;3.14.0&apos;, revision: &apos;aacccce0&apos;, time: &apos;2018-08-02T20:19:58.91Z&apos;
System info: host: &apos;DESKTOP-6NI868R&apos;, ip: &apos;192.168.8.103&apos;, os.name: &apos;Windows 10&apos;, os.arch: &apos;amd64&apos;, os.version: &apos;10.0&apos;, java.version: &apos;11.0.4&apos;
Driver info: driver.version: ChromeDriver
remote stacktrace: Backtrace:
	Ordinal0 [0x00597C93+1473683]
	Ordinal0 [0x0051ADB1+961969]
	Ordinal0 [0x004A42E3+475875]
	Ordinal0 [0x0043F365+62309]
	Ordinal0 [0x0043BC77+48247]
	Ordinal0 [0x00459149+168265]
	Ordinal0 [0x00458D1D+167197]
	Ordinal0 [0x0045742B+160811]
	Ordinal0 [0x00440AE6+68326]
	Ordinal0 [0x00441BF0+72688]
	Ordinal0 [0x00441B89+72585]
	Ordinal0 [0x00534B77+1067895]
	GetHandleVerifier [0x00636875+506677]
	GetHandleVerifier [0x00636610+506064]
	GetHandleVerifier [0x0063D1B8+533624]
	GetHandleVerifier [0x0063704A+508682]
	Ordinal0 [0x0052C266+1032806]
	Ordinal0 [0x0052C0DF+1032415]
	Ordinal0 [0x00536A8B+1075851]
	Ordinal0 [0x00536BF3+1076211]
	Ordinal0 [0x00535BA5+1072037]
	BaseThreadInitThunk [0x76C56359+25]
	RtlGetAppContainerNamedObjectPath [0x77EC7B74+228]
	RtlGetAppContainerNamedObjectPath [0x77EC7B44+180]

	at org.openqa.selenium.remote.W3CHandshakeResponse.lambda$new$0(W3CHandshakeResponse.java:57)
	at org.openqa.selenium.remote.W3CHandshakeResponse.lambda$getResponseFunction$2(W3CHandshakeResponse.java:104)
	at org.openqa.selenium.remote.ProtocolHandshake.lambda$createSession$0(ProtocolHandshake.java:122)
	at java.base/java.util.stream.ReferencePipeline$3$1.accept(ReferencePipeline.java:195)
	at java.base/java.util.Spliterators$ArraySpliterator.tryAdvance(Spliterators.java:958)
	at java.base/java.util.stream.ReferencePipeline.forEachWithCancel(ReferencePipeline.java:127)
	at java.base/java.util.stream.AbstractPipeline.copyIntoWithCancel(AbstractPipeline.java:502)
	at java.base/java.util.stream.AbstractPipeline.copyInto(AbstractPipeline.java:488)
	at java.base/java.util.stream.AbstractPipeline.wrapAndCopyInto(AbstractPipeline.java:474)
	at java.base/java.util.stream.FindOps$FindOp.evaluateSequential(FindOps.java:150)
	at java.base/java.util.stream.AbstractPipeline.evaluate(AbstractPipeline.java:234)
	at java.base/java.util.stream.ReferencePipeline.findFirst(ReferencePipeline.java:543)
	at org.openqa.selenium.remote.ProtocolHandshake.createSession(ProtocolHandshake.java:125)
	at org.openqa.selenium.remote.ProtocolHandshake.createSession(ProtocolHandshake.java:73)
	at org.openqa.selenium.remote.HttpCommandExecutor.execute(HttpCommandExecutor.java:136)
	at org.openqa.selenium.remote.service.DriverCommandExecutor.execute(DriverCommandExecutor.java:83)
	at org.openqa.selenium.remote.RemoteWebDriver.execute(RemoteWebDriver.java:548)
	at org.openqa.selenium.remote.RemoteWebDriver.startSession(RemoteWebDriver.java:212)
	at org.openqa.selenium.remote.RemoteWebDriver.&lt;init&gt;(RemoteWebDriver.java:130)
	at org.openqa.selenium.chrome.ChromeDriver.&lt;init&gt;(ChromeDriver.java:181)
	at org.openqa.selenium.chrome.ChromeDriver.&lt;init&gt;(ChromeDriver.java:168)
	at org.openqa.selenium.chrome.ChromeDriver.&lt;init&gt;(ChromeDriver.java:123)
	at Base.BaseClass.initialization(BaseClass.java:30)
	at TestCases.MultipleSearchTest.Setup(MultipleSearchTest.java:31)
... Removed 35 stack frames</div></td></tr></table><p class="totop"><a href="#summary">back to summary</a></p>
<h3 id="m20">TestCases.MultipleSearchTest#MultipleSearch</h3><table class="result"><tr><th>Exception</th></tr><tr><td><div class="stacktrace">org.openqa.selenium.SessionNotCreatedException: session not created: This version of ChromeDriver only supports Chrome version 76
Build info: version: &apos;3.14.0&apos;, revision: &apos;aacccce0&apos;, time: &apos;2018-08-02T20:19:58.91Z&apos;
System info: host: &apos;DESKTOP-6NI868R&apos;, ip: &apos;192.168.8.103&apos;, os.name: &apos;Windows 10&apos;, os.arch: &apos;amd64&apos;, os.version: &apos;10.0&apos;, java.version: &apos;11.0.4&apos;
Driver info: driver.version: ChromeDriver
remote stacktrace: Backtrace:
	Ordinal0 [0x00597C93+1473683]
	Ordinal0 [0x0051ADB1+961969]
	Ordinal0 [0x004A42E3+475875]
	Ordinal0 [0x0043F365+62309]
	Ordinal0 [0x0043BC77+48247]
	Ordinal0 [0x00459149+168265]
	Ordinal0 [0x00458D1D+167197]
	Ordinal0 [0x0045742B+160811]
	Ordinal0 [0x00440AE6+68326]
	Ordinal0 [0x00441BF0+72688]
	Ordinal0 [0x00441B89+72585]
	Ordinal0 [0x00534B77+1067895]
	GetHandleVerifier [0x00636875+506677]
	GetHandleVerifier [0x00636610+506064]
	GetHandleVerifier [0x0063D1B8+533624]
	GetHandleVerifier [0x0063704A+508682]
	Ordinal0 [0x0052C266+1032806]
	Ordinal0 [0x0052C0DF+1032415]
	Ordinal0 [0x00536A8B+1075851]
	Ordinal0 [0x00536BF3+1076211]
	Ordinal0 [0x00535BA5+1072037]
	BaseThreadInitThunk [0x76C56359+25]
	RtlGetAppContainerNamedObjectPath [0x77EC7B74+228]
	RtlGetAppContainerNamedObjectPath [0x77EC7B44+180]

	at org.openqa.selenium.remote.W3CHandshakeResponse.lambda$new$0(W3CHandshakeResponse.java:57)
	at org.openqa.selenium.remote.W3CHandshakeResponse.lambda$getResponseFunction$2(W3CHandshakeResponse.java:104)
	at org.openqa.selenium.remote.ProtocolHandshake.lambda$createSession$0(ProtocolHandshake.java:122)
	at java.base/java.util.stream.ReferencePipeline$3$1.accept(ReferencePipeline.java:195)
	at java.base/java.util.Spliterators$ArraySpliterator.tryAdvance(Spliterators.java:958)
	at java.base/java.util.stream.ReferencePipeline.forEachWithCancel(ReferencePipeline.java:127)
	at java.base/java.util.stream.AbstractPipeline.copyIntoWithCancel(AbstractPipeline.java:502)
	at java.base/java.util.stream.AbstractPipeline.copyInto(AbstractPipeline.java:488)
	at java.base/java.util.stream.AbstractPipeline.wrapAndCopyInto(AbstractPipeline.java:474)
	at java.base/java.util.stream.FindOps$FindOp.evaluateSequential(FindOps.java:150)
	at java.base/java.util.stream.AbstractPipeline.evaluate(AbstractPipeline.java:234)
	at java.base/java.util.stream.ReferencePipeline.findFirst(ReferencePipeline.java:543)
	at org.openqa.selenium.remote.ProtocolHandshake.createSession(ProtocolHandshake.java:125)
	at org.openqa.selenium.remote.ProtocolHandshake.createSession(ProtocolHandshake.java:73)
	at org.openqa.selenium.remote.HttpCommandExecutor.execute(HttpCommandExecutor.java:136)
	at org.openqa.selenium.remote.service.DriverCommandExecutor.execute(DriverCommandExecutor.java:83)
	at org.openqa.selenium.remote.RemoteWebDriver.execute(RemoteWebDriver.java:548)
	at org.openqa.selenium.remote.RemoteWebDriver.startSession(RemoteWebDriver.java:212)
	at org.openqa.selenium.remote.RemoteWebDriver.&lt;init&gt;(RemoteWebDriver.java:130)
	at org.openqa.selenium.chrome.ChromeDriver.&lt;init&gt;(ChromeDriver.java:181)
	at org.openqa.selenium.chrome.ChromeDriver.&lt;init&gt;(ChromeDriver.java:168)
	at org.openqa.selenium.chrome.ChromeDriver.&lt;init&gt;(ChromeDriver.java:123)
	at Base.BaseClass.initialization(BaseClass.java:30)
	at TestCases.MultipleSearchTest.Setup(MultipleSearchTest.java:31)
... Removed 35 stack frames</div></td></tr></table><p class="totop"><a href="#summary">back to summary</a></p>
<h3 id="m21">TestCases.SearchPageTest#FlightSearchLogTest</h3><table class="result"><tr><th>Exception</th></tr><tr><td><div class="stacktrace">org.openqa.selenium.SessionNotCreatedException: session not created: This version of ChromeDriver only supports Chrome version 76
Build info: version: &apos;3.14.0&apos;, revision: &apos;aacccce0&apos;, time: &apos;2018-08-02T20:19:58.91Z&apos;
System info: host: &apos;DESKTOP-6NI868R&apos;, ip: &apos;192.168.8.103&apos;, os.name: &apos;Windows 10&apos;, os.arch: &apos;amd64&apos;, os.version: &apos;10.0&apos;, java.version: &apos;11.0.4&apos;
Driver info: driver.version: ChromeDriver
remote stacktrace: Backtrace:
	Ordinal0 [0x00597C93+1473683]
	Ordinal0 [0x0051ADB1+961969]
	Ordinal0 [0x004A42E3+475875]
	Ordinal0 [0x0043F365+62309]
	Ordinal0 [0x0043BC77+48247]
	Ordinal0 [0x00459149+168265]
	Ordinal0 [0x00458D1D+167197]
	Ordinal0 [0x0045742B+160811]
	Ordinal0 [0x00440AE6+68326]
	Ordinal0 [0x00441BF0+72688]
	Ordinal0 [0x00441B89+72585]
	Ordinal0 [0x00534B77+1067895]
	GetHandleVerifier [0x00636875+506677]
	GetHandleVerifier [0x00636610+506064]
	GetHandleVerifier [0x0063D1B8+533624]
	GetHandleVerifier [0x0063704A+508682]
	Ordinal0 [0x0052C266+1032806]
	Ordinal0 [0x0052C0DF+1032415]
	Ordinal0 [0x00536A8B+1075851]
	Ordinal0 [0x00536BF3+1076211]
	Ordinal0 [0x00535BA5+1072037]
	BaseThreadInitThunk [0x76C56359+25]
	RtlGetAppContainerNamedObjectPath [0x77EC7B74+228]
	RtlGetAppContainerNamedObjectPath [0x77EC7B44+180]

	at org.openqa.selenium.remote.W3CHandshakeResponse.lambda$new$0(W3CHandshakeResponse.java:57)
	at org.openqa.selenium.remote.W3CHandshakeResponse.lambda$getResponseFunction$2(W3CHandshakeResponse.java:104)
	at org.openqa.selenium.remote.ProtocolHandshake.lambda$createSession$0(ProtocolHandshake.java:122)
	at java.base/java.util.stream.ReferencePipeline$3$1.accept(ReferencePipeline.java:195)
	at java.base/java.util.Spliterators$ArraySpliterator.tryAdvance(Spliterators.java:958)
	at java.base/java.util.stream.ReferencePipeline.forEachWithCancel(ReferencePipeline.java:127)
	at java.base/java.util.stream.AbstractPipeline.copyIntoWithCancel(AbstractPipeline.java:502)
	at java.base/java.util.stream.AbstractPipeline.copyInto(AbstractPipeline.java:488)
	at java.base/java.util.stream.AbstractPipeline.wrapAndCopyInto(AbstractPipeline.java:474)
	at java.base/java.util.stream.FindOps$FindOp.evaluateSequential(FindOps.java:150)
	at java.base/java.util.stream.AbstractPipeline.evaluate(AbstractPipeline.java:234)
	at java.base/java.util.stream.ReferencePipeline.findFirst(ReferencePipeline.java:543)
	at org.openqa.selenium.remote.ProtocolHandshake.createSession(ProtocolHandshake.java:125)
	at org.openqa.selenium.remote.ProtocolHandshake.createSession(ProtocolHandshake.java:73)
	at org.openqa.selenium.remote.HttpCommandExecutor.execute(HttpCommandExecutor.java:136)
	at org.openqa.selenium.remote.service.DriverCommandExecutor.execute(DriverCommandExecutor.java:83)
	at org.openqa.selenium.remote.RemoteWebDriver.execute(RemoteWebDriver.java:548)
	at org.openqa.selenium.remote.RemoteWebDriver.startSession(RemoteWebDriver.java:212)
	at org.openqa.selenium.remote.RemoteWebDriver.&lt;init&gt;(RemoteWebDriver.java:130)
	at org.openqa.selenium.chrome.ChromeDriver.&lt;init&gt;(ChromeDriver.java:181)
	at org.openqa.selenium.chrome.ChromeDriver.&lt;init&gt;(ChromeDriver.java:168)
	at org.openqa.selenium.chrome.ChromeDriver.&lt;init&gt;(ChromeDriver.java:123)
	at Base.BaseClass.initialization(BaseClass.java:30)
	at TestCases.SearchPageTest.Setup(SearchPageTest.java:28)
... Removed 35 stack frames</div></td></tr></table><p class="totop"><a href="#summary">back to summary</a></p>
<h3 id="m22">TestCases.SearchPageTest#OnewaySearchTest</h3><table class="result"><tr><th>Exception</th></tr><tr><td><div class="stacktrace">org.openqa.selenium.SessionNotCreatedException: session not created: This version of ChromeDriver only supports Chrome version 76
Build info: version: &apos;3.14.0&apos;, revision: &apos;aacccce0&apos;, time: &apos;2018-08-02T20:19:58.91Z&apos;
System info: host: &apos;DESKTOP-6NI868R&apos;, ip: &apos;192.168.8.103&apos;, os.name: &apos;Windows 10&apos;, os.arch: &apos;amd64&apos;, os.version: &apos;10.0&apos;, java.version: &apos;11.0.4&apos;
Driver info: driver.version: ChromeDriver
remote stacktrace: Backtrace:
	Ordinal0 [0x00597C93+1473683]
	Ordinal0 [0x0051ADB1+961969]
	Ordinal0 [0x004A42E3+475875]
	Ordinal0 [0x0043F365+62309]
	Ordinal0 [0x0043BC77+48247]
	Ordinal0 [0x00459149+168265]
	Ordinal0 [0x00458D1D+167197]
	Ordinal0 [0x0045742B+160811]
	Ordinal0 [0x00440AE6+68326]
	Ordinal0 [0x00441BF0+72688]
	Ordinal0 [0x00441B89+72585]
	Ordinal0 [0x00534B77+1067895]
	GetHandleVerifier [0x00636875+506677]
	GetHandleVerifier [0x00636610+506064]
	GetHandleVerifier [0x0063D1B8+533624]
	GetHandleVerifier [0x0063704A+508682]
	Ordinal0 [0x0052C266+1032806]
	Ordinal0 [0x0052C0DF+1032415]
	Ordinal0 [0x00536A8B+1075851]
	Ordinal0 [0x00536BF3+1076211]
	Ordinal0 [0x00535BA5+1072037]
	BaseThreadInitThunk [0x76C56359+25]
	RtlGetAppContainerNamedObjectPath [0x77EC7B74+228]
	RtlGetAppContainerNamedObjectPath [0x77EC7B44+180]

	at org.openqa.selenium.remote.W3CHandshakeResponse.lambda$new$0(W3CHandshakeResponse.java:57)
	at org.openqa.selenium.remote.W3CHandshakeResponse.lambda$getResponseFunction$2(W3CHandshakeResponse.java:104)
	at org.openqa.selenium.remote.ProtocolHandshake.lambda$createSession$0(ProtocolHandshake.java:122)
	at java.base/java.util.stream.ReferencePipeline$3$1.accept(ReferencePipeline.java:195)
	at java.base/java.util.Spliterators$ArraySpliterator.tryAdvance(Spliterators.java:958)
	at java.base/java.util.stream.ReferencePipeline.forEachWithCancel(ReferencePipeline.java:127)
	at java.base/java.util.stream.AbstractPipeline.copyIntoWithCancel(AbstractPipeline.java:502)
	at java.base/java.util.stream.AbstractPipeline.copyInto(AbstractPipeline.java:488)
	at java.base/java.util.stream.AbstractPipeline.wrapAndCopyInto(AbstractPipeline.java:474)
	at java.base/java.util.stream.FindOps$FindOp.evaluateSequential(FindOps.java:150)
	at java.base/java.util.stream.AbstractPipeline.evaluate(AbstractPipeline.java:234)
	at java.base/java.util.stream.ReferencePipeline.findFirst(ReferencePipeline.java:543)
	at org.openqa.selenium.remote.ProtocolHandshake.createSession(ProtocolHandshake.java:125)
	at org.openqa.selenium.remote.ProtocolHandshake.createSession(ProtocolHandshake.java:73)
	at org.openqa.selenium.remote.HttpCommandExecutor.execute(HttpCommandExecutor.java:136)
	at org.openqa.selenium.remote.service.DriverCommandExecutor.execute(DriverCommandExecutor.java:83)
	at org.openqa.selenium.remote.RemoteWebDriver.execute(RemoteWebDriver.java:548)
	at org.openqa.selenium.remote.RemoteWebDriver.startSession(RemoteWebDriver.java:212)
	at org.openqa.selenium.remote.RemoteWebDriver.&lt;init&gt;(RemoteWebDriver.java:130)
	at org.openqa.selenium.chrome.ChromeDriver.&lt;init&gt;(ChromeDriver.java:181)
	at org.openqa.selenium.chrome.ChromeDriver.&lt;init&gt;(ChromeDriver.java:168)
	at org.openqa.selenium.chrome.ChromeDriver.&lt;init&gt;(ChromeDriver.java:123)
	at Base.BaseClass.initialization(BaseClass.java:30)
	at TestCases.SearchPageTest.Setup(SearchPageTest.java:28)
... Removed 35 stack frames</div></td></tr></table><p class="totop"><a href="#summary">back to summary</a></p>
<h3 id="m23">TestCases.SearchPageTest#SearchPageTitleTest</h3><table class="result"><tr><th>Exception</th></tr><tr><td><div class="stacktrace">org.openqa.selenium.SessionNotCreatedException: session not created: This version of ChromeDriver only supports Chrome version 76
Build info: version: &apos;3.14.0&apos;, revision: &apos;aacccce0&apos;, time: &apos;2018-08-02T20:19:58.91Z&apos;
System info: host: &apos;DESKTOP-6NI868R&apos;, ip: &apos;192.168.8.103&apos;, os.name: &apos;Windows 10&apos;, os.arch: &apos;amd64&apos;, os.version: &apos;10.0&apos;, java.version: &apos;11.0.4&apos;
Driver info: driver.version: ChromeDriver
remote stacktrace: Backtrace:
	Ordinal0 [0x00597C93+1473683]
	Ordinal0 [0x0051ADB1+961969]
	Ordinal0 [0x004A42E3+475875]
	Ordinal0 [0x0043F365+62309]
	Ordinal0 [0x0043BC77+48247]
	Ordinal0 [0x00459149+168265]
	Ordinal0 [0x00458D1D+167197]
	Ordinal0 [0x0045742B+160811]
	Ordinal0 [0x00440AE6+68326]
	Ordinal0 [0x00441BF0+72688]
	Ordinal0 [0x00441B89+72585]
	Ordinal0 [0x00534B77+1067895]
	GetHandleVerifier [0x00636875+506677]
	GetHandleVerifier [0x00636610+506064]
	GetHandleVerifier [0x0063D1B8+533624]
	GetHandleVerifier [0x0063704A+508682]
	Ordinal0 [0x0052C266+1032806]
	Ordinal0 [0x0052C0DF+1032415]
	Ordinal0 [0x00536A8B+1075851]
	Ordinal0 [0x00536BF3+1076211]
	Ordinal0 [0x00535BA5+1072037]
	BaseThreadInitThunk [0x76C56359+25]
	RtlGetAppContainerNamedObjectPath [0x77EC7B74+228]
	RtlGetAppContainerNamedObjectPath [0x77EC7B44+180]

	at org.openqa.selenium.remote.W3CHandshakeResponse.lambda$new$0(W3CHandshakeResponse.java:57)
	at org.openqa.selenium.remote.W3CHandshakeResponse.lambda$getResponseFunction$2(W3CHandshakeResponse.java:104)
	at org.openqa.selenium.remote.ProtocolHandshake.lambda$createSession$0(ProtocolHandshake.java:122)
	at java.base/java.util.stream.ReferencePipeline$3$1.accept(ReferencePipeline.java:195)
	at java.base/java.util.Spliterators$ArraySpliterator.tryAdvance(Spliterators.java:958)
	at java.base/java.util.stream.ReferencePipeline.forEachWithCancel(ReferencePipeline.java:127)
	at java.base/java.util.stream.AbstractPipeline.copyIntoWithCancel(AbstractPipeline.java:502)
	at java.base/java.util.stream.AbstractPipeline.copyInto(AbstractPipeline.java:488)
	at java.base/java.util.stream.AbstractPipeline.wrapAndCopyInto(AbstractPipeline.java:474)
	at java.base/java.util.stream.FindOps$FindOp.evaluateSequential(FindOps.java:150)
	at java.base/java.util.stream.AbstractPipeline.evaluate(AbstractPipeline.java:234)
	at java.base/java.util.stream.ReferencePipeline.findFirst(ReferencePipeline.java:543)
	at org.openqa.selenium.remote.ProtocolHandshake.createSession(ProtocolHandshake.java:125)
	at org.openqa.selenium.remote.ProtocolHandshake.createSession(ProtocolHandshake.java:73)
	at org.openqa.selenium.remote.HttpCommandExecutor.execute(HttpCommandExecutor.java:136)
	at org.openqa.selenium.remote.service.DriverCommandExecutor.execute(DriverCommandExecutor.java:83)
	at org.openqa.selenium.remote.RemoteWebDriver.execute(RemoteWebDriver.java:548)
	at org.openqa.selenium.remote.RemoteWebDriver.startSession(RemoteWebDriver.java:212)
	at org.openqa.selenium.remote.RemoteWebDriver.&lt;init&gt;(RemoteWebDriver.java:130)
	at org.openqa.selenium.chrome.ChromeDriver.&lt;init&gt;(ChromeDriver.java:181)
	at org.openqa.selenium.chrome.ChromeDriver.&lt;init&gt;(ChromeDriver.java:168)
	at org.openqa.selenium.chrome.ChromeDriver.&lt;init&gt;(ChromeDriver.java:123)
	at Base.BaseClass.initialization(BaseClass.java:30)
	at TestCases.SearchPageTest.Setup(SearchPageTest.java:28)
... Removed 35 stack frames</div></td></tr></table><p class="totop"><a href="#summary">back to summary</a></p>
</body>
</html>
