<?xml version="1.0" encoding="UTF-8"?>
<testng-results skipped="6" failed="2" ignored="0" total="14" passed="6">
  <reporter-output>
  </reporter-output>
  <suite name="Suite" duration-ms="427076" started-at="2019-10-25T13:33:44Z" finished-at="2019-10-25T13:40:51Z">
    <groups>
    </groups>
    <test name="Test" duration-ms="427076" started-at="2019-10-25T13:33:44Z" finished-at="2019-10-25T13:40:51Z">
      <class name="TestCases.HotelSearchTest">
        <test-method status="PASS" signature="Setup()[pri:0, instance:TestCases.HotelSearchTest@23529fee]" name="Setup" is-config="true" duration-ms="26106" started-at="2019-10-25T13:37:49Z" finished-at="2019-10-25T13:38:15Z">
          <reporter-output>
          </reporter-output>
        </test-method> <!-- Setup -->
        <test-method status="SKIP" signature="HotelSearchPageTitleTest()[pri:1, instance:TestCases.HotelSearchTest@23529fee]" name="HotelSearchPageTitleTest" duration-ms="39" started-at="2019-10-25T13:38:15Z" description="TitleTest" finished-at="2019-10-25T13:38:15Z">
          <exception class="java.lang.AssertionError">
            <message>
              <![CDATA[expected [SpiceJet - Flight Booking for Domestic and International, Cheap Air Tickets1] but found [SpiceJet - Flight Booking for Domestic and International, Cheap Air Tickets]]]>
            </message>
            <full-stacktrace>
              <![CDATA[java.lang.AssertionError: expected [SpiceJet - Flight Booking for Domestic and International, Cheap Air Tickets1] but found [SpiceJet - Flight Booking for Domestic and International, Cheap Air Tickets]
at org.testng.Assert.fail(Assert.java:96)
at org.testng.Assert.failNotEquals(Assert.java:776)
at org.testng.Assert.assertEqualsImpl(Assert.java:137)
at org.testng.Assert.assertEquals(Assert.java:118)
at org.testng.Assert.assertEquals(Assert.java:453)
at org.testng.Assert.assertEquals(Assert.java:463)
at TestCases.HotelSearchTest.HotelSearchPageTitleTest(HotelSearchTest.java:37)
at sun.reflect.NativeMethodAccessorImpl.invoke0(Native Method)
at sun.reflect.NativeMethodAccessorImpl.invoke(Unknown Source)
at sun.reflect.DelegatingMethodAccessorImpl.invoke(Unknown Source)
at java.lang.reflect.Method.invoke(Unknown Source)
at org.testng.internal.MethodInvocationHelper.invokeMethod(MethodInvocationHelper.java:124)
at org.testng.internal.Invoker.invokeMethod(Invoker.java:583)
at org.testng.internal.Invoker.invokeTestMethod(Invoker.java:719)
at org.testng.internal.Invoker.invokeTestMethods(Invoker.java:989)
at org.testng.internal.TestMethodWorker.invokeTestMethods(TestMethodWorker.java:125)
at org.testng.internal.TestMethodWorker.run(TestMethodWorker.java:109)
at org.testng.TestRunner.privateRun(TestRunner.java:648)
at org.testng.TestRunner.run(TestRunner.java:505)
at org.testng.SuiteRunner.runTest(SuiteRunner.java:455)
at org.testng.SuiteRunner.runSequentially(SuiteRunner.java:450)
at org.testng.SuiteRunner.privateRun(SuiteRunner.java:415)
at org.testng.SuiteRunner.run(SuiteRunner.java:364)
at org.testng.SuiteRunnerWorker.runSuite(SuiteRunnerWorker.java:52)
at org.testng.SuiteRunnerWorker.run(SuiteRunnerWorker.java:84)
at org.testng.TestNG.runSuitesSequentially(TestNG.java:1208)
at org.testng.TestNG.runSuitesLocally(TestNG.java:1137)
at org.testng.TestNG.runSuites(TestNG.java:1049)
at org.testng.TestNG.run(TestNG.java:1017)
at org.testng.remote.AbstractRemoteTestNG.run(AbstractRemoteTestNG.java:114)
at org.testng.remote.RemoteTestNG.initAndRun(RemoteTestNG.java:251)
at org.testng.remote.RemoteTestNG.main(RemoteTestNG.java:77)
]]>
            </full-stacktrace>
          </exception> <!-- java.lang.AssertionError -->
          <reporter-output>
          </reporter-output>
        </test-method> <!-- HotelSearchPageTitleTest -->
        <test-method status="PASS" signature="TearDown()[pri:0, instance:TestCases.HotelSearchTest@23529fee]" name="TearDown" is-config="true" duration-ms="793" started-at="2019-10-25T13:38:15Z" finished-at="2019-10-25T13:38:16Z">
          <reporter-output>
          </reporter-output>
        </test-method> <!-- TearDown -->
        <test-method status="PASS" signature="Setup()[pri:0, instance:TestCases.HotelSearchTest@23529fee]" name="Setup" is-config="true" duration-ms="21352" started-at="2019-10-25T13:38:16Z" finished-at="2019-10-25T13:38:37Z">
          <reporter-output>
          </reporter-output>
        </test-method> <!-- Setup -->
        <test-method status="SKIP" signature="HotelSearchPageTitleTest()[pri:1, instance:TestCases.HotelSearchTest@23529fee]" name="HotelSearchPageTitleTest" duration-ms="32" started-at="2019-10-25T13:38:37Z" description="TitleTest" finished-at="2019-10-25T13:38:37Z">
          <exception class="java.lang.AssertionError">
            <message>
              <![CDATA[expected [SpiceJet - Flight Booking for Domestic and International, Cheap Air Tickets1] but found [SpiceJet - Flight Booking for Domestic and International, Cheap Air Tickets]]]>
            </message>
            <full-stacktrace>
              <![CDATA[java.lang.AssertionError: expected [SpiceJet - Flight Booking for Domestic and International, Cheap Air Tickets1] but found [SpiceJet - Flight Booking for Domestic and International, Cheap Air Tickets]
at org.testng.Assert.fail(Assert.java:96)
at org.testng.Assert.failNotEquals(Assert.java:776)
at org.testng.Assert.assertEqualsImpl(Assert.java:137)
at org.testng.Assert.assertEquals(Assert.java:118)
at org.testng.Assert.assertEquals(Assert.java:453)
at org.testng.Assert.assertEquals(Assert.java:463)
at TestCases.HotelSearchTest.HotelSearchPageTitleTest(HotelSearchTest.java:37)
at sun.reflect.NativeMethodAccessorImpl.invoke0(Native Method)
at sun.reflect.NativeMethodAccessorImpl.invoke(Unknown Source)
at sun.reflect.DelegatingMethodAccessorImpl.invoke(Unknown Source)
at java.lang.reflect.Method.invoke(Unknown Source)
at org.testng.internal.MethodInvocationHelper.invokeMethod(MethodInvocationHelper.java:124)
at org.testng.internal.Invoker.invokeMethod(Invoker.java:583)
at org.testng.internal.Invoker.retryFailed(Invoker.java:839)
at org.testng.internal.Invoker.invokeTestMethods(Invoker.java:1010)
at org.testng.internal.TestMethodWorker.invokeTestMethods(TestMethodWorker.java:125)
at org.testng.internal.TestMethodWorker.run(TestMethodWorker.java:109)
at org.testng.TestRunner.privateRun(TestRunner.java:648)
at org.testng.TestRunner.run(TestRunner.java:505)
at org.testng.SuiteRunner.runTest(SuiteRunner.java:455)
at org.testng.SuiteRunner.runSequentially(SuiteRunner.java:450)
at org.testng.SuiteRunner.privateRun(SuiteRunner.java:415)
at org.testng.SuiteRunner.run(SuiteRunner.java:364)
at org.testng.SuiteRunnerWorker.runSuite(SuiteRunnerWorker.java:52)
at org.testng.SuiteRunnerWorker.run(SuiteRunnerWorker.java:84)
at org.testng.TestNG.runSuitesSequentially(TestNG.java:1208)
at org.testng.TestNG.runSuitesLocally(TestNG.java:1137)
at org.testng.TestNG.runSuites(TestNG.java:1049)
at org.testng.TestNG.run(TestNG.java:1017)
at org.testng.remote.AbstractRemoteTestNG.run(AbstractRemoteTestNG.java:114)
at org.testng.remote.RemoteTestNG.initAndRun(RemoteTestNG.java:251)
at org.testng.remote.RemoteTestNG.main(RemoteTestNG.java:77)
]]>
            </full-stacktrace>
          </exception> <!-- java.lang.AssertionError -->
          <reporter-output>
          </reporter-output>
        </test-method> <!-- HotelSearchPageTitleTest -->
        <test-method status="PASS" signature="TearDown()[pri:0, instance:TestCases.HotelSearchTest@23529fee]" name="TearDown" is-config="true" duration-ms="839" started-at="2019-10-25T13:38:37Z" finished-at="2019-10-25T13:38:38Z">
          <reporter-output>
          </reporter-output>
        </test-method> <!-- TearDown -->
        <test-method status="PASS" signature="Setup()[pri:0, instance:TestCases.HotelSearchTest@23529fee]" name="Setup" is-config="true" duration-ms="21416" started-at="2019-10-25T13:38:38Z" finished-at="2019-10-25T13:38:59Z">
          <reporter-output>
          </reporter-output>
        </test-method> <!-- Setup -->
        <test-method status="SKIP" signature="HotelSearchPageTitleTest()[pri:1, instance:TestCases.HotelSearchTest@23529fee]" name="HotelSearchPageTitleTest" duration-ms="44" started-at="2019-10-25T13:38:59Z" description="TitleTest" finished-at="2019-10-25T13:38:59Z">
          <exception class="java.lang.AssertionError">
            <message>
              <![CDATA[expected [SpiceJet - Flight Booking for Domestic and International, Cheap Air Tickets1] but found [SpiceJet - Flight Booking for Domestic and International, Cheap Air Tickets]]]>
            </message>
            <full-stacktrace>
              <![CDATA[java.lang.AssertionError: expected [SpiceJet - Flight Booking for Domestic and International, Cheap Air Tickets1] but found [SpiceJet - Flight Booking for Domestic and International, Cheap Air Tickets]
at org.testng.Assert.fail(Assert.java:96)
at org.testng.Assert.failNotEquals(Assert.java:776)
at org.testng.Assert.assertEqualsImpl(Assert.java:137)
at org.testng.Assert.assertEquals(Assert.java:118)
at org.testng.Assert.assertEquals(Assert.java:453)
at org.testng.Assert.assertEquals(Assert.java:463)
at TestCases.HotelSearchTest.HotelSearchPageTitleTest(HotelSearchTest.java:37)
at sun.reflect.NativeMethodAccessorImpl.invoke0(Native Method)
at sun.reflect.NativeMethodAccessorImpl.invoke(Unknown Source)
at sun.reflect.DelegatingMethodAccessorImpl.invoke(Unknown Source)
at java.lang.reflect.Method.invoke(Unknown Source)
at org.testng.internal.MethodInvocationHelper.invokeMethod(MethodInvocationHelper.java:124)
at org.testng.internal.Invoker.invokeMethod(Invoker.java:583)
at org.testng.internal.Invoker.retryFailed(Invoker.java:839)
at org.testng.internal.Invoker.invokeTestMethods(Invoker.java:1010)
at org.testng.internal.TestMethodWorker.invokeTestMethods(TestMethodWorker.java:125)
at org.testng.internal.TestMethodWorker.run(TestMethodWorker.java:109)
at org.testng.TestRunner.privateRun(TestRunner.java:648)
at org.testng.TestRunner.run(TestRunner.java:505)
at org.testng.SuiteRunner.runTest(SuiteRunner.java:455)
at org.testng.SuiteRunner.runSequentially(SuiteRunner.java:450)
at org.testng.SuiteRunner.privateRun(SuiteRunner.java:415)
at org.testng.SuiteRunner.run(SuiteRunner.java:364)
at org.testng.SuiteRunnerWorker.runSuite(SuiteRunnerWorker.java:52)
at org.testng.SuiteRunnerWorker.run(SuiteRunnerWorker.java:84)
at org.testng.TestNG.runSuitesSequentially(TestNG.java:1208)
at org.testng.TestNG.runSuitesLocally(TestNG.java:1137)
at org.testng.TestNG.runSuites(TestNG.java:1049)
at org.testng.TestNG.run(TestNG.java:1017)
at org.testng.remote.AbstractRemoteTestNG.run(AbstractRemoteTestNG.java:114)
at org.testng.remote.RemoteTestNG.initAndRun(RemoteTestNG.java:251)
at org.testng.remote.RemoteTestNG.main(RemoteTestNG.java:77)
]]>
            </full-stacktrace>
          </exception> <!-- java.lang.AssertionError -->
          <reporter-output>
          </reporter-output>
        </test-method> <!-- HotelSearchPageTitleTest -->
        <test-method status="PASS" signature="TearDown()[pri:0, instance:TestCases.HotelSearchTest@23529fee]" name="TearDown" is-config="true" duration-ms="993" started-at="2019-10-25T13:38:59Z" finished-at="2019-10-25T13:39:00Z">
          <reporter-output>
          </reporter-output>
        </test-method> <!-- TearDown -->
        <test-method status="PASS" signature="Setup()[pri:0, instance:TestCases.HotelSearchTest@23529fee]" name="Setup" is-config="true" duration-ms="22331" started-at="2019-10-25T13:39:00Z" finished-at="2019-10-25T13:39:23Z">
          <reporter-output>
          </reporter-output>
        </test-method> <!-- Setup -->
        <test-method status="FAIL" signature="HotelSearchPageTitleTest()[pri:1, instance:TestCases.HotelSearchTest@23529fee]" name="HotelSearchPageTitleTest" duration-ms="50" started-at="2019-10-25T13:39:23Z" description="TitleTest" finished-at="2019-10-25T13:39:23Z">
          <exception class="java.lang.AssertionError">
            <message>
              <![CDATA[expected [SpiceJet - Flight Booking for Domestic and International, Cheap Air Tickets1] but found [SpiceJet - Flight Booking for Domestic and International, Cheap Air Tickets]]]>
            </message>
            <full-stacktrace>
              <![CDATA[java.lang.AssertionError: expected [SpiceJet - Flight Booking for Domestic and International, Cheap Air Tickets1] but found [SpiceJet - Flight Booking for Domestic and International, Cheap Air Tickets]
at org.testng.Assert.fail(Assert.java:96)
at org.testng.Assert.failNotEquals(Assert.java:776)
at org.testng.Assert.assertEqualsImpl(Assert.java:137)
at org.testng.Assert.assertEquals(Assert.java:118)
at org.testng.Assert.assertEquals(Assert.java:453)
at org.testng.Assert.assertEquals(Assert.java:463)
at TestCases.HotelSearchTest.HotelSearchPageTitleTest(HotelSearchTest.java:37)
at sun.reflect.NativeMethodAccessorImpl.invoke0(Native Method)
at sun.reflect.NativeMethodAccessorImpl.invoke(Unknown Source)
at sun.reflect.DelegatingMethodAccessorImpl.invoke(Unknown Source)
at java.lang.reflect.Method.invoke(Unknown Source)
at org.testng.internal.MethodInvocationHelper.invokeMethod(MethodInvocationHelper.java:124)
at org.testng.internal.Invoker.invokeMethod(Invoker.java:583)
at org.testng.internal.Invoker.retryFailed(Invoker.java:839)
at org.testng.internal.Invoker.invokeTestMethods(Invoker.java:1010)
at org.testng.internal.TestMethodWorker.invokeTestMethods(TestMethodWorker.java:125)
at org.testng.internal.TestMethodWorker.run(TestMethodWorker.java:109)
at org.testng.TestRunner.privateRun(TestRunner.java:648)
at org.testng.TestRunner.run(TestRunner.java:505)
at org.testng.SuiteRunner.runTest(SuiteRunner.java:455)
at org.testng.SuiteRunner.runSequentially(SuiteRunner.java:450)
at org.testng.SuiteRunner.privateRun(SuiteRunner.java:415)
at org.testng.SuiteRunner.run(SuiteRunner.java:364)
at org.testng.SuiteRunnerWorker.runSuite(SuiteRunnerWorker.java:52)
at org.testng.SuiteRunnerWorker.run(SuiteRunnerWorker.java:84)
at org.testng.TestNG.runSuitesSequentially(TestNG.java:1208)
at org.testng.TestNG.runSuitesLocally(TestNG.java:1137)
at org.testng.TestNG.runSuites(TestNG.java:1049)
at org.testng.TestNG.run(TestNG.java:1017)
at org.testng.remote.AbstractRemoteTestNG.run(AbstractRemoteTestNG.java:114)
at org.testng.remote.RemoteTestNG.initAndRun(RemoteTestNG.java:251)
at org.testng.remote.RemoteTestNG.main(RemoteTestNG.java:77)
]]>
            </full-stacktrace>
          </exception> <!-- java.lang.AssertionError -->
          <reporter-output>
          </reporter-output>
        </test-method> <!-- HotelSearchPageTitleTest -->
        <test-method status="PASS" signature="TearDown()[pri:0, instance:TestCases.HotelSearchTest@23529fee]" name="TearDown" is-config="true" duration-ms="817" started-at="2019-10-25T13:39:23Z" finished-at="2019-10-25T13:39:24Z">
          <reporter-output>
          </reporter-output>
        </test-method> <!-- TearDown -->
        <test-method status="PASS" signature="Setup()[pri:0, instance:TestCases.HotelSearchTest@23529fee]" name="Setup" is-config="true" duration-ms="20664" started-at="2019-10-25T13:39:45Z" finished-at="2019-10-25T13:40:06Z">
          <reporter-output>
          </reporter-output>
        </test-method> <!-- Setup -->
        <test-method status="PASS" signature="HotelSearchcheck()[pri:2, instance:TestCases.HotelSearchTest@23529fee]" name="HotelSearchcheck" duration-ms="3676" started-at="2019-10-25T13:40:06Z" description="HotelSearchTest" finished-at="2019-10-25T13:40:10Z">
          <reporter-output>
          </reporter-output>
        </test-method> <!-- HotelSearchcheck -->
        <test-method status="PASS" signature="TearDown()[pri:0, instance:TestCases.HotelSearchTest@23529fee]" name="TearDown" is-config="true" duration-ms="899" started-at="2019-10-25T13:40:10Z" finished-at="2019-10-25T13:40:11Z">
          <reporter-output>
          </reporter-output>
        </test-method> <!-- TearDown -->
      </class> <!-- TestCases.HotelSearchTest -->
      <class name="TestCases.MultipleSearchTest">
        <test-method status="PASS" signature="Setup()[pri:0, instance:TestCases.MultipleSearchTest@4fe767f3]" name="Setup" is-config="true" duration-ms="23551" started-at="2019-10-25T13:33:44Z" finished-at="2019-10-25T13:34:07Z">
          <reporter-output>
          </reporter-output>
        </test-method> <!-- Setup -->
        <test-method status="PASS" signature="MultipleSearch(java.lang.String, java.lang.String)[pri:0, instance:TestCases.MultipleSearchTest@4fe767f3]" name="MultipleSearch" duration-ms="31564" started-at="2019-10-25T13:34:08Z" data-provider="GetTestData" finished-at="2019-10-25T13:34:39Z">
          <params>
            <param index="0">
              <value>
                <![CDATA[Hyderabad (HYD)]]>
              </value>
            </param>
            <param index="1">
              <value>
                <![CDATA[Goa (GOI)]]>
              </value>
            </param>
          </params>
          <reporter-output>
          </reporter-output>
        </test-method> <!-- MultipleSearch -->
        <test-method status="PASS" signature="TearDown()[pri:0, instance:TestCases.MultipleSearchTest@4fe767f3]" name="TearDown" is-config="true" duration-ms="845" started-at="2019-10-25T13:34:39Z" finished-at="2019-10-25T13:34:40Z">
          <reporter-output>
          </reporter-output>
        </test-method> <!-- TearDown -->
        <test-method status="PASS" signature="Setup()[pri:0, instance:TestCases.MultipleSearchTest@4fe767f3]" name="Setup" is-config="true" duration-ms="22224" started-at="2019-10-25T13:34:40Z" finished-at="2019-10-25T13:35:02Z">
          <reporter-output>
          </reporter-output>
        </test-method> <!-- Setup -->
        <test-method status="PASS" signature="MultipleSearch(java.lang.String, java.lang.String)[pri:0, instance:TestCases.MultipleSearchTest@4fe767f3]" name="MultipleSearch" duration-ms="20430" started-at="2019-10-25T13:35:02Z" data-provider="GetTestData" finished-at="2019-10-25T13:35:23Z">
          <params>
            <param index="0">
              <value>
                <![CDATA[Hyderabad (HYD)]]>
              </value>
            </param>
            <param index="1">
              <value>
                <![CDATA[Delhi (DEL)]]>
              </value>
            </param>
          </params>
          <reporter-output>
          </reporter-output>
        </test-method> <!-- MultipleSearch -->
        <test-method status="PASS" signature="TearDown()[pri:0, instance:TestCases.MultipleSearchTest@4fe767f3]" name="TearDown" is-config="true" duration-ms="858" started-at="2019-10-25T13:35:23Z" finished-at="2019-10-25T13:35:24Z">
          <reporter-output>
          </reporter-output>
        </test-method> <!-- TearDown -->
        <test-method status="PASS" signature="Setup()[pri:0, instance:TestCases.MultipleSearchTest@4fe767f3]" name="Setup" is-config="true" duration-ms="23225" started-at="2019-10-25T13:35:24Z" finished-at="2019-10-25T13:35:47Z">
          <reporter-output>
          </reporter-output>
        </test-method> <!-- Setup -->
        <test-method status="PASS" signature="MultipleSearch(java.lang.String, java.lang.String)[pri:0, instance:TestCases.MultipleSearchTest@4fe767f3]" name="MultipleSearch" duration-ms="23033" started-at="2019-10-25T13:35:47Z" data-provider="GetTestData" finished-at="2019-10-25T13:36:10Z">
          <params>
            <param index="0">
              <value>
                <![CDATA[Hyderabad (HYD)]]>
              </value>
            </param>
            <param index="1">
              <value>
                <![CDATA[Tirupati (TIR)]]>
              </value>
            </param>
          </params>
          <reporter-output>
          </reporter-output>
        </test-method> <!-- MultipleSearch -->
        <test-method status="PASS" signature="TearDown()[pri:0, instance:TestCases.MultipleSearchTest@4fe767f3]" name="TearDown" is-config="true" duration-ms="1193" started-at="2019-10-25T13:36:10Z" finished-at="2019-10-25T13:36:11Z">
          <reporter-output>
          </reporter-output>
        </test-method> <!-- TearDown -->
      </class> <!-- TestCases.MultipleSearchTest -->
      <class name="TestCases.SearchPageTest">
        <test-method status="PASS" signature="Setup()[pri:0, instance:TestCases.SearchPageTest@43ee72e6]" name="Setup" is-config="true" duration-ms="24429" started-at="2019-10-25T13:36:11Z" finished-at="2019-10-25T13:36:36Z">
          <reporter-output>
          </reporter-output>
        </test-method> <!-- Setup -->
        <test-method status="SKIP" signature="SearchPageTitleTest()[pri:1, instance:TestCases.SearchPageTest@43ee72e6]" name="SearchPageTitleTest" duration-ms="41" started-at="2019-10-25T13:36:36Z" description="TitleTest" finished-at="2019-10-25T13:36:36Z">
          <exception class="java.lang.AssertionError">
            <message>
              <![CDATA[expected [SpiceJet - Flight Booking for Domestic and International, Cheap Air Tickets1] but found [SpiceJet - Flight Booking for Domestic and International, Cheap Air Tickets]]]>
            </message>
            <full-stacktrace>
              <![CDATA[java.lang.AssertionError: expected [SpiceJet - Flight Booking for Domestic and International, Cheap Air Tickets1] but found [SpiceJet - Flight Booking for Domestic and International, Cheap Air Tickets]
at org.testng.Assert.fail(Assert.java:96)
at org.testng.Assert.failNotEquals(Assert.java:776)
at org.testng.Assert.assertEqualsImpl(Assert.java:137)
at org.testng.Assert.assertEquals(Assert.java:118)
at org.testng.Assert.assertEquals(Assert.java:453)
at org.testng.Assert.assertEquals(Assert.java:463)
at TestCases.SearchPageTest.SearchPageTitleTest(SearchPageTest.java:39)
at sun.reflect.NativeMethodAccessorImpl.invoke0(Native Method)
at sun.reflect.NativeMethodAccessorImpl.invoke(Unknown Source)
at sun.reflect.DelegatingMethodAccessorImpl.invoke(Unknown Source)
at java.lang.reflect.Method.invoke(Unknown Source)
at org.testng.internal.MethodInvocationHelper.invokeMethod(MethodInvocationHelper.java:124)
at org.testng.internal.Invoker.invokeMethod(Invoker.java:583)
at org.testng.internal.Invoker.invokeTestMethod(Invoker.java:719)
at org.testng.internal.Invoker.invokeTestMethods(Invoker.java:989)
at org.testng.internal.TestMethodWorker.invokeTestMethods(TestMethodWorker.java:125)
at org.testng.internal.TestMethodWorker.run(TestMethodWorker.java:109)
at org.testng.TestRunner.privateRun(TestRunner.java:648)
at org.testng.TestRunner.run(TestRunner.java:505)
at org.testng.SuiteRunner.runTest(SuiteRunner.java:455)
at org.testng.SuiteRunner.runSequentially(SuiteRunner.java:450)
at org.testng.SuiteRunner.privateRun(SuiteRunner.java:415)
at org.testng.SuiteRunner.run(SuiteRunner.java:364)
at org.testng.SuiteRunnerWorker.runSuite(SuiteRunnerWorker.java:52)
at org.testng.SuiteRunnerWorker.run(SuiteRunnerWorker.java:84)
at org.testng.TestNG.runSuitesSequentially(TestNG.java:1208)
at org.testng.TestNG.runSuitesLocally(TestNG.java:1137)
at org.testng.TestNG.runSuites(TestNG.java:1049)
at org.testng.TestNG.run(TestNG.java:1017)
at org.testng.remote.AbstractRemoteTestNG.run(AbstractRemoteTestNG.java:114)
at org.testng.remote.RemoteTestNG.initAndRun(RemoteTestNG.java:251)
at org.testng.remote.RemoteTestNG.main(RemoteTestNG.java:77)
]]>
            </full-stacktrace>
          </exception> <!-- java.lang.AssertionError -->
          <reporter-output>
          </reporter-output>
        </test-method> <!-- SearchPageTitleTest -->
        <test-method status="PASS" signature="TearDown()[pri:0, instance:TestCases.SearchPageTest@43ee72e6]" name="TearDown" is-config="true" duration-ms="825" started-at="2019-10-25T13:36:36Z" finished-at="2019-10-25T13:36:36Z">
          <reporter-output>
          </reporter-output>
        </test-method> <!-- TearDown -->
        <test-method status="PASS" signature="Setup()[pri:0, instance:TestCases.SearchPageTest@43ee72e6]" name="Setup" is-config="true" duration-ms="23521" started-at="2019-10-25T13:36:36Z" finished-at="2019-10-25T13:37:00Z">
          <reporter-output>
          </reporter-output>
        </test-method> <!-- Setup -->
        <test-method status="SKIP" signature="SearchPageTitleTest()[pri:1, instance:TestCases.SearchPageTest@43ee72e6]" name="SearchPageTitleTest" duration-ms="30" started-at="2019-10-25T13:37:00Z" description="TitleTest" finished-at="2019-10-25T13:37:00Z">
          <exception class="java.lang.AssertionError">
            <message>
              <![CDATA[expected [SpiceJet - Flight Booking for Domestic and International, Cheap Air Tickets1] but found [SpiceJet - Flight Booking for Domestic and International, Cheap Air Tickets]]]>
            </message>
            <full-stacktrace>
              <![CDATA[java.lang.AssertionError: expected [SpiceJet - Flight Booking for Domestic and International, Cheap Air Tickets1] but found [SpiceJet - Flight Booking for Domestic and International, Cheap Air Tickets]
at org.testng.Assert.fail(Assert.java:96)
at org.testng.Assert.failNotEquals(Assert.java:776)
at org.testng.Assert.assertEqualsImpl(Assert.java:137)
at org.testng.Assert.assertEquals(Assert.java:118)
at org.testng.Assert.assertEquals(Assert.java:453)
at org.testng.Assert.assertEquals(Assert.java:463)
at TestCases.SearchPageTest.SearchPageTitleTest(SearchPageTest.java:39)
at sun.reflect.NativeMethodAccessorImpl.invoke0(Native Method)
at sun.reflect.NativeMethodAccessorImpl.invoke(Unknown Source)
at sun.reflect.DelegatingMethodAccessorImpl.invoke(Unknown Source)
at java.lang.reflect.Method.invoke(Unknown Source)
at org.testng.internal.MethodInvocationHelper.invokeMethod(MethodInvocationHelper.java:124)
at org.testng.internal.Invoker.invokeMethod(Invoker.java:583)
at org.testng.internal.Invoker.retryFailed(Invoker.java:839)
at org.testng.internal.Invoker.invokeTestMethods(Invoker.java:1010)
at org.testng.internal.TestMethodWorker.invokeTestMethods(TestMethodWorker.java:125)
at org.testng.internal.TestMethodWorker.run(TestMethodWorker.java:109)
at org.testng.TestRunner.privateRun(TestRunner.java:648)
at org.testng.TestRunner.run(TestRunner.java:505)
at org.testng.SuiteRunner.runTest(SuiteRunner.java:455)
at org.testng.SuiteRunner.runSequentially(SuiteRunner.java:450)
at org.testng.SuiteRunner.privateRun(SuiteRunner.java:415)
at org.testng.SuiteRunner.run(SuiteRunner.java:364)
at org.testng.SuiteRunnerWorker.runSuite(SuiteRunnerWorker.java:52)
at org.testng.SuiteRunnerWorker.run(SuiteRunnerWorker.java:84)
at org.testng.TestNG.runSuitesSequentially(TestNG.java:1208)
at org.testng.TestNG.runSuitesLocally(TestNG.java:1137)
at org.testng.TestNG.runSuites(TestNG.java:1049)
at org.testng.TestNG.run(TestNG.java:1017)
at org.testng.remote.AbstractRemoteTestNG.run(AbstractRemoteTestNG.java:114)
at org.testng.remote.RemoteTestNG.initAndRun(RemoteTestNG.java:251)
at org.testng.remote.RemoteTestNG.main(RemoteTestNG.java:77)
]]>
            </full-stacktrace>
          </exception> <!-- java.lang.AssertionError -->
          <reporter-output>
          </reporter-output>
        </test-method> <!-- SearchPageTitleTest -->
        <test-method status="PASS" signature="TearDown()[pri:0, instance:TestCases.SearchPageTest@43ee72e6]" name="TearDown" is-config="true" duration-ms="815" started-at="2019-10-25T13:37:00Z" finished-at="2019-10-25T13:37:01Z">
          <reporter-output>
          </reporter-output>
        </test-method> <!-- TearDown -->
        <test-method status="PASS" signature="Setup()[pri:0, instance:TestCases.SearchPageTest@43ee72e6]" name="Setup" is-config="true" duration-ms="24749" started-at="2019-10-25T13:37:01Z" finished-at="2019-10-25T13:37:26Z">
          <reporter-output>
          </reporter-output>
        </test-method> <!-- Setup -->
        <test-method status="SKIP" signature="SearchPageTitleTest()[pri:1, instance:TestCases.SearchPageTest@43ee72e6]" name="SearchPageTitleTest" duration-ms="33" started-at="2019-10-25T13:37:26Z" description="TitleTest" finished-at="2019-10-25T13:37:26Z">
          <exception class="java.lang.AssertionError">
            <message>
              <![CDATA[expected [SpiceJet - Flight Booking for Domestic and International, Cheap Air Tickets1] but found [SpiceJet - Flight Booking for Domestic and International, Cheap Air Tickets]]]>
            </message>
            <full-stacktrace>
              <![CDATA[java.lang.AssertionError: expected [SpiceJet - Flight Booking for Domestic and International, Cheap Air Tickets1] but found [SpiceJet - Flight Booking for Domestic and International, Cheap Air Tickets]
at org.testng.Assert.fail(Assert.java:96)
at org.testng.Assert.failNotEquals(Assert.java:776)
at org.testng.Assert.assertEqualsImpl(Assert.java:137)
at org.testng.Assert.assertEquals(Assert.java:118)
at org.testng.Assert.assertEquals(Assert.java:453)
at org.testng.Assert.assertEquals(Assert.java:463)
at TestCases.SearchPageTest.SearchPageTitleTest(SearchPageTest.java:39)
at sun.reflect.NativeMethodAccessorImpl.invoke0(Native Method)
at sun.reflect.NativeMethodAccessorImpl.invoke(Unknown Source)
at sun.reflect.DelegatingMethodAccessorImpl.invoke(Unknown Source)
at java.lang.reflect.Method.invoke(Unknown Source)
at org.testng.internal.MethodInvocationHelper.invokeMethod(MethodInvocationHelper.java:124)
at org.testng.internal.Invoker.invokeMethod(Invoker.java:583)
at org.testng.internal.Invoker.retryFailed(Invoker.java:839)
at org.testng.internal.Invoker.invokeTestMethods(Invoker.java:1010)
at org.testng.internal.TestMethodWorker.invokeTestMethods(TestMethodWorker.java:125)
at org.testng.internal.TestMethodWorker.run(TestMethodWorker.java:109)
at org.testng.TestRunner.privateRun(TestRunner.java:648)
at org.testng.TestRunner.run(TestRunner.java:505)
at org.testng.SuiteRunner.runTest(SuiteRunner.java:455)
at org.testng.SuiteRunner.runSequentially(SuiteRunner.java:450)
at org.testng.SuiteRunner.privateRun(SuiteRunner.java:415)
at org.testng.SuiteRunner.run(SuiteRunner.java:364)
at org.testng.SuiteRunnerWorker.runSuite(SuiteRunnerWorker.java:52)
at org.testng.SuiteRunnerWorker.run(SuiteRunnerWorker.java:84)
at org.testng.TestNG.runSuitesSequentially(TestNG.java:1208)
at org.testng.TestNG.runSuitesLocally(TestNG.java:1137)
at org.testng.TestNG.runSuites(TestNG.java:1049)
at org.testng.TestNG.run(TestNG.java:1017)
at org.testng.remote.AbstractRemoteTestNG.run(AbstractRemoteTestNG.java:114)
at org.testng.remote.RemoteTestNG.initAndRun(RemoteTestNG.java:251)
at org.testng.remote.RemoteTestNG.main(RemoteTestNG.java:77)
]]>
            </full-stacktrace>
          </exception> <!-- java.lang.AssertionError -->
          <reporter-output>
          </reporter-output>
        </test-method> <!-- SearchPageTitleTest -->
        <test-method status="PASS" signature="TearDown()[pri:0, instance:TestCases.SearchPageTest@43ee72e6]" name="TearDown" is-config="true" duration-ms="857" started-at="2019-10-25T13:37:26Z" finished-at="2019-10-25T13:37:26Z">
          <reporter-output>
          </reporter-output>
        </test-method> <!-- TearDown -->
        <test-method status="PASS" signature="Setup()[pri:0, instance:TestCases.SearchPageTest@43ee72e6]" name="Setup" is-config="true" duration-ms="20544" started-at="2019-10-25T13:37:26Z" finished-at="2019-10-25T13:37:47Z">
          <reporter-output>
          </reporter-output>
        </test-method> <!-- Setup -->
        <test-method status="FAIL" signature="SearchPageTitleTest()[pri:1, instance:TestCases.SearchPageTest@43ee72e6]" name="SearchPageTitleTest" duration-ms="52" started-at="2019-10-25T13:37:47Z" description="TitleTest" finished-at="2019-10-25T13:37:47Z">
          <exception class="java.lang.AssertionError">
            <message>
              <![CDATA[expected [SpiceJet - Flight Booking for Domestic and International, Cheap Air Tickets1] but found [SpiceJet - Flight Booking for Domestic and International, Cheap Air Tickets]]]>
            </message>
            <full-stacktrace>
              <![CDATA[java.lang.AssertionError: expected [SpiceJet - Flight Booking for Domestic and International, Cheap Air Tickets1] but found [SpiceJet - Flight Booking for Domestic and International, Cheap Air Tickets]
at org.testng.Assert.fail(Assert.java:96)
at org.testng.Assert.failNotEquals(Assert.java:776)
at org.testng.Assert.assertEqualsImpl(Assert.java:137)
at org.testng.Assert.assertEquals(Assert.java:118)
at org.testng.Assert.assertEquals(Assert.java:453)
at org.testng.Assert.assertEquals(Assert.java:463)
at TestCases.SearchPageTest.SearchPageTitleTest(SearchPageTest.java:39)
at sun.reflect.NativeMethodAccessorImpl.invoke0(Native Method)
at sun.reflect.NativeMethodAccessorImpl.invoke(Unknown Source)
at sun.reflect.DelegatingMethodAccessorImpl.invoke(Unknown Source)
at java.lang.reflect.Method.invoke(Unknown Source)
at org.testng.internal.MethodInvocationHelper.invokeMethod(MethodInvocationHelper.java:124)
at org.testng.internal.Invoker.invokeMethod(Invoker.java:583)
at org.testng.internal.Invoker.retryFailed(Invoker.java:839)
at org.testng.internal.Invoker.invokeTestMethods(Invoker.java:1010)
at org.testng.internal.TestMethodWorker.invokeTestMethods(TestMethodWorker.java:125)
at org.testng.internal.TestMethodWorker.run(TestMethodWorker.java:109)
at org.testng.TestRunner.privateRun(TestRunner.java:648)
at org.testng.TestRunner.run(TestRunner.java:505)
at org.testng.SuiteRunner.runTest(SuiteRunner.java:455)
at org.testng.SuiteRunner.runSequentially(SuiteRunner.java:450)
at org.testng.SuiteRunner.privateRun(SuiteRunner.java:415)
at org.testng.SuiteRunner.run(SuiteRunner.java:364)
at org.testng.SuiteRunnerWorker.runSuite(SuiteRunnerWorker.java:52)
at org.testng.SuiteRunnerWorker.run(SuiteRunnerWorker.java:84)
at org.testng.TestNG.runSuitesSequentially(TestNG.java:1208)
at org.testng.TestNG.runSuitesLocally(TestNG.java:1137)
at org.testng.TestNG.runSuites(TestNG.java:1049)
at org.testng.TestNG.run(TestNG.java:1017)
at org.testng.remote.AbstractRemoteTestNG.run(AbstractRemoteTestNG.java:114)
at org.testng.remote.RemoteTestNG.initAndRun(RemoteTestNG.java:251)
at org.testng.remote.RemoteTestNG.main(RemoteTestNG.java:77)
]]>
            </full-stacktrace>
          </exception> <!-- java.lang.AssertionError -->
          <reporter-output>
          </reporter-output>
        </test-method> <!-- SearchPageTitleTest -->
        <test-method status="PASS" signature="TearDown()[pri:0, instance:TestCases.SearchPageTest@43ee72e6]" name="TearDown" is-config="true" duration-ms="844" started-at="2019-10-25T13:37:48Z" finished-at="2019-10-25T13:37:49Z">
          <reporter-output>
          </reporter-output>
        </test-method> <!-- TearDown -->
        <test-method status="PASS" signature="Setup()[pri:0, instance:TestCases.SearchPageTest@43ee72e6]" name="Setup" is-config="true" duration-ms="20172" started-at="2019-10-25T13:39:24Z" finished-at="2019-10-25T13:39:44Z">
          <reporter-output>
          </reporter-output>
        </test-method> <!-- Setup -->
        <test-method status="PASS" signature="FlightSearchLogTest()[pri:2, instance:TestCases.SearchPageTest@43ee72e6]" name="FlightSearchLogTest" duration-ms="154" started-at="2019-10-25T13:39:44Z" description="LogoTest" finished-at="2019-10-25T13:39:45Z">
          <reporter-output>
          </reporter-output>
        </test-method> <!-- FlightSearchLogTest -->
        <test-method status="PASS" signature="TearDown()[pri:0, instance:TestCases.SearchPageTest@43ee72e6]" name="TearDown" is-config="true" duration-ms="856" started-at="2019-10-25T13:39:45Z" finished-at="2019-10-25T13:39:45Z">
          <reporter-output>
          </reporter-output>
        </test-method> <!-- TearDown -->
        <test-method status="PASS" signature="Setup()[pri:0, instance:TestCases.SearchPageTest@43ee72e6]" name="Setup" is-config="true" duration-ms="21105" started-at="2019-10-25T13:40:11Z" finished-at="2019-10-25T13:40:32Z">
          <reporter-output>
          </reporter-output>
        </test-method> <!-- Setup -->
        <test-method status="PASS" signature="OnewaySearchTest()[pri:3, instance:TestCases.SearchPageTest@43ee72e6]" name="OnewaySearchTest" duration-ms="17770" started-at="2019-10-25T13:40:32Z" description="OnewaySearch Test" finished-at="2019-10-25T13:40:50Z">
          <reporter-output>
          </reporter-output>
        </test-method> <!-- OnewaySearchTest -->
        <test-method status="PASS" signature="TearDown()[pri:0, instance:TestCases.SearchPageTest@43ee72e6]" name="TearDown" is-config="true" duration-ms="1285" started-at="2019-10-25T13:40:50Z" finished-at="2019-10-25T13:40:51Z">
          <reporter-output>
          </reporter-output>
        </test-method> <!-- TearDown -->
      </class> <!-- TestCases.SearchPageTest -->
    </test> <!-- Test -->
  </suite> <!-- Suite -->
</testng-results>
