<?xml version="1.0" encoding="UTF-8"?>
<!-- Generated by org.testng.reporters.JUnitReportReporter -->
<testsuite hostname="DESKTOP-6NI868R" failures="0" tests="4" name="TestCases.SearchPageTest" time="1.649" errors="1" timestamp="25 Oct 2019 08:20:03 GMT" skipped="3">
  <testcase classname="TestCases.SearchPageTest" name="Setup" time="1.649">
    <error message="session not created: This version of ChromeDriver only supports Chrome version 76
Build info: version: &#039;3.14.0&#039;, revision: &#039;aacccce0&#039;, time: &#039;2018-08-02T20:19:58.91Z&#039;
System info: host: &#039;DESKTOP-6NI868R&#039;, ip: &#039;192.168.8.103&#039;, os.name: &#039;Windows 10&#039;, os.arch: &#039;amd64&#039;, os.version: &#039;10.0&#039;, java.version: &#039;11.0.4&#039;
Driver info: driver.version: ChromeDriver
remote stacktrace: Backtrace:
	Ordinal0 [0x00597C93+1473683]
	Ordinal0 [0x0051ADB1+961969]
	Ordinal0 [0x004A42E3+475875]
	Ordinal0 [0x0043F365+62309]
	Ordinal0 [0x0043BC77+48247]
	Ordinal0 [0x00459149+168265]
	Ordinal0 [0x00458D1D+167197]
	Ordinal0 [0x0045742B+160811]
	Ordinal0 [0x00440AE6+68326]
	Ordinal0 [0x00441BF0+72688]
	Ordinal0 [0x00441B89+72585]
	Ordinal0 [0x00534B77+1067895]
	GetHandleVerifier [0x00636875+506677]
	GetHandleVerifier [0x00636610+506064]
	GetHandleVerifier [0x0063D1B8+533624]
	GetHandleVerifier [0x0063704A+508682]
	Ordinal0 [0x0052C266+1032806]
	Ordinal0 [0x0052C0DF+1032415]
	Ordinal0 [0x00536A8B+1075851]
	Ordinal0 [0x00536BF3+1076211]
	Ordinal0 [0x00535BA5+1072037]
	BaseThreadInitThunk [0x76C56359+25]
	RtlGetAppContainerNamedObjectPath [0x77EC7B74+228]
	RtlGetAppContainerNamedObjectPath [0x77EC7B44+180]
" type="org.openqa.selenium.SessionNotCreatedException">
      <![CDATA[org.openqa.selenium.SessionNotCreatedException: session not created: This version of ChromeDriver only supports Chrome version 76
Build info: version: '3.14.0', revision: 'aacccce0', time: '2018-08-02T20:19:58.91Z'
System info: host: 'DESKTOP-6NI868R', ip: '192.168.8.103', os.name: 'Windows 10', os.arch: 'amd64', os.version: '10.0', java.version: '11.0.4'
Driver info: driver.version: ChromeDriver
remote stacktrace: Backtrace:
Ordinal0 [0x00597C93+1473683]
Ordinal0 [0x0051ADB1+961969]
Ordinal0 [0x004A42E3+475875]
Ordinal0 [0x0043F365+62309]
Ordinal0 [0x0043BC77+48247]
Ordinal0 [0x00459149+168265]
Ordinal0 [0x00458D1D+167197]
Ordinal0 [0x0045742B+160811]
Ordinal0 [0x00440AE6+68326]
Ordinal0 [0x00441BF0+72688]
Ordinal0 [0x00441B89+72585]
Ordinal0 [0x00534B77+1067895]
GetHandleVerifier [0x00636875+506677]
GetHandleVerifier [0x00636610+506064]
GetHandleVerifier [0x0063D1B8+533624]
GetHandleVerifier [0x0063704A+508682]
Ordinal0 [0x0052C266+1032806]
Ordinal0 [0x0052C0DF+1032415]
Ordinal0 [0x00536A8B+1075851]
Ordinal0 [0x00536BF3+1076211]
Ordinal0 [0x00535BA5+1072037]
BaseThreadInitThunk [0x76C56359+25]
RtlGetAppContainerNamedObjectPath [0x77EC7B74+228]
RtlGetAppContainerNamedObjectPath [0x77EC7B44+180]

at java.base/jdk.internal.reflect.NativeConstructorAccessorImpl.newInstance0(Native Method)
at java.base/jdk.internal.reflect.NativeConstructorAccessorImpl.newInstance(NativeConstructorAccessorImpl.java:62)
at java.base/jdk.internal.reflect.DelegatingConstructorAccessorImpl.newInstance(DelegatingConstructorAccessorImpl.java:45)
at java.base/java.lang.reflect.Constructor.newInstance(Constructor.java:490)
at org.openqa.selenium.remote.W3CHandshakeResponse.lambda$new$0(W3CHandshakeResponse.java:57)
at org.openqa.selenium.remote.W3CHandshakeResponse.lambda$getResponseFunction$2(W3CHandshakeResponse.java:104)
at org.openqa.selenium.remote.ProtocolHandshake.lambda$createSession$0(ProtocolHandshake.java:122)
at java.base/java.util.stream.ReferencePipeline$3$1.accept(ReferencePipeline.java:195)
at java.base/java.util.Spliterators$ArraySpliterator.tryAdvance(Spliterators.java:958)
at java.base/java.util.stream.ReferencePipeline.forEachWithCancel(ReferencePipeline.java:127)
at java.base/java.util.stream.AbstractPipeline.copyIntoWithCancel(AbstractPipeline.java:502)
at java.base/java.util.stream.AbstractPipeline.copyInto(AbstractPipeline.java:488)
at java.base/java.util.stream.AbstractPipeline.wrapAndCopyInto(AbstractPipeline.java:474)
at java.base/java.util.stream.FindOps$FindOp.evaluateSequential(FindOps.java:150)
at java.base/java.util.stream.AbstractPipeline.evaluate(AbstractPipeline.java:234)
at java.base/java.util.stream.ReferencePipeline.findFirst(ReferencePipeline.java:543)
at org.openqa.selenium.remote.ProtocolHandshake.createSession(ProtocolHandshake.java:125)
at org.openqa.selenium.remote.ProtocolHandshake.createSession(ProtocolHandshake.java:73)
at org.openqa.selenium.remote.HttpCommandExecutor.execute(HttpCommandExecutor.java:136)
at org.openqa.selenium.remote.service.DriverCommandExecutor.execute(DriverCommandExecutor.java:83)
at org.openqa.selenium.remote.RemoteWebDriver.execute(RemoteWebDriver.java:548)
at org.openqa.selenium.remote.RemoteWebDriver.startSession(RemoteWebDriver.java:212)
at org.openqa.selenium.remote.RemoteWebDriver.<init>(RemoteWebDriver.java:130)
at org.openqa.selenium.chrome.ChromeDriver.<init>(ChromeDriver.java:181)
at org.openqa.selenium.chrome.ChromeDriver.<init>(ChromeDriver.java:168)
at org.openqa.selenium.chrome.ChromeDriver.<init>(ChromeDriver.java:123)
at Base.BaseClass.initialization(BaseClass.java:30)
at TestCases.SearchPageTest.Setup(SearchPageTest.java:28)
at java.base/jdk.internal.reflect.NativeMethodAccessorImpl.invoke0(Native Method)
at java.base/jdk.internal.reflect.NativeMethodAccessorImpl.invoke(NativeMethodAccessorImpl.java:62)
at java.base/jdk.internal.reflect.DelegatingMethodAccessorImpl.invoke(DelegatingMethodAccessorImpl.java:43)
at java.base/java.lang.reflect.Method.invoke(Method.java:566)
at org.testng.internal.MethodInvocationHelper.invokeMethod(MethodInvocationHelper.java:124)
at org.testng.internal.MethodInvocationHelper.invokeMethodConsideringTimeout(MethodInvocationHelper.java:59)
at org.testng.internal.Invoker.invokeConfigurationMethod(Invoker.java:458)
at org.testng.internal.Invoker.invokeConfigurations(Invoker.java:222)
at org.testng.internal.Invoker.invokeMethod(Invoker.java:523)
at org.testng.internal.Invoker.invokeTestMethod(Invoker.java:719)
at org.testng.internal.Invoker.invokeTestMethods(Invoker.java:989)
at org.testng.internal.TestMethodWorker.invokeTestMethods(TestMethodWorker.java:125)
at org.testng.internal.TestMethodWorker.run(TestMethodWorker.java:109)
at org.testng.TestRunner.privateRun(TestRunner.java:648)
at org.testng.TestRunner.run(TestRunner.java:505)
at org.testng.SuiteRunner.runTest(SuiteRunner.java:455)
at org.testng.SuiteRunner.runSequentially(SuiteRunner.java:450)
at org.testng.SuiteRunner.privateRun(SuiteRunner.java:415)
at org.testng.SuiteRunner.run(SuiteRunner.java:364)
at org.testng.SuiteRunnerWorker.runSuite(SuiteRunnerWorker.java:52)
at org.testng.SuiteRunnerWorker.run(SuiteRunnerWorker.java:84)
at org.testng.TestNG.runSuitesSequentially(TestNG.java:1208)
at org.testng.TestNG.runSuitesLocally(TestNG.java:1137)
at org.testng.TestNG.runSuites(TestNG.java:1049)
at org.testng.TestNG.run(TestNG.java:1017)
at org.apache.maven.surefire.testng.TestNGExecutor.run(TestNGExecutor.java:283)
at org.apache.maven.surefire.testng.TestNGXmlTestSuite.execute(TestNGXmlTestSuite.java:75)
at org.apache.maven.surefire.testng.TestNGProvider.invoke(TestNGProvider.java:120)
at org.apache.maven.surefire.booter.ForkedBooter.invokeProviderInSameClassLoader(ForkedBooter.java:386)
at org.apache.maven.surefire.booter.ForkedBooter.runSuitesInProcess(ForkedBooter.java:323)
at org.apache.maven.surefire.booter.ForkedBooter.main(ForkedBooter.java:143)
]]>
    </error>
  </testcase> <!-- Setup -->
  <testcase classname="TestCases.SearchPageTest" name="SearchPageTitleTest" time="0.000">
    <skipped/>
  </testcase> <!-- SearchPageTitleTest -->
  <testcase classname="TestCases.SearchPageTest" name="FlightSearchLogTest" time="0.000">
    <skipped/>
  </testcase> <!-- FlightSearchLogTest -->
  <testcase classname="TestCases.SearchPageTest" name="OnewaySearchTest" time="0.000">
    <skipped/>
  </testcase> <!-- OnewaySearchTest -->
</testsuite> <!-- TestCases.SearchPageTest -->
